TN:
SF:src/app.jsx
FN:76,get
FN:18,App
FNF:2
FNH:2
FNDA:67,get
FNDA:308,App
DA:1,1
DA:2,1
DA:3,1
DA:4,1
DA:5,1
DA:6,1
DA:7,1
DA:8,1
DA:9,1
DA:10,1
DA:11,1
DA:12,1
DA:13,1
DA:14,1
DA:15,1
DA:16,1
DA:17,1
DA:18,308
DA:19,308
DA:20,308
DA:21,308
DA:22,308
DA:23,308
DA:24,308
DA:25,308
DA:26,67
DA:27,308
DA:28,308
DA:29,308
DA:30,308
DA:31,308
DA:32,308
DA:33,308
DA:34,308
DA:35,308
DA:36,308
DA:37,308
DA:38,308
DA:39,308
DA:40,308
DA:41,308
DA:42,308
DA:43,308
DA:44,308
DA:45,308
DA:46,308
DA:47,308
DA:48,308
DA:49,308
DA:50,308
DA:51,308
DA:52,308
DA:53,308
DA:54,308
DA:55,308
DA:56,308
DA:57,308
DA:58,308
DA:59,308
DA:60,308
DA:61,308
DA:62,308
DA:63,308
DA:64,308
DA:65,308
DA:66,308
DA:67,308
DA:68,308
DA:69,308
DA:70,308
DA:71,308
DA:72,308
DA:73,308
DA:74,308
DA:75,1
DA:76,1
LF:76
LH:76
BRDA:76,0,0,67
BRDA:18,1,0,308
BRDA:32,2,0,296
BRDA:32,3,0,2
BRDA:41,4,0,43
BRDA:41,5,0,255
BRDA:56,6,0,92
BRDA:57,7,0,71
BRDA:57,8,0,40
BRDA:58,9,0,62
BRDA:58,10,0,58
BRDA:59,11,0,5
BRDA:59,12,0,4
BRDA:60,13,0,2
BRDA:60,14,0,2
BRDA:61,15,0,55
BRDA:61,16,0,42
BRDA:62,17,0,1
BRDA:62,18,0,1
BRDA:63,19,0,0
BRDA:63,20,0,0
BRDA:64,21,0,0
BRDA:64,22,0,0
BRDA:65,23,0,0
BRDA:65,24,0,0
BRDA:66,25,0,2
BRDA:66,26,0,2
BRDA:67,27,0,20
BRDA:67,28,0,17
BRDA:71,29,0,43
BRDA:19,30,0,1023
BRDA:20,31,0,1023
BRDA:21,32,0,1023
BRDA:22,33,0,1023
BRDA:23,34,0,1023
BRDA:25,35,0,67
BRF:36
BRH:30
end_of_record
TN:
SF:src/categories.js
FN:12,get
FNF:1
FNH:1
FNDA:211,get
DA:1,1
DA:2,1
DA:3,1
DA:4,1
DA:5,1
DA:6,1
DA:7,1
DA:8,1
DA:9,1
DA:10,1
DA:11,1
DA:12,1
LF:12
LH:12
BRDA:12,0,0,211
BRF:1
BRH:1
end_of_record
TN:
SF:src/__tests__/fakeData/fakeCategoryData.js
FN:1,get
FNF:1
FNH:1
FNDA:5,get
DA:1,1
DA:2,1
DA:3,1
DA:4,1
DA:5,1
DA:6,1
DA:7,1
DA:8,1
DA:9,1
DA:10,1
DA:11,1
DA:12,1
DA:13,1
DA:14,1
DA:15,1
DA:16,1
DA:17,1
DA:18,1
DA:19,1
DA:20,1
DA:21,1
DA:22,1
DA:23,1
DA:24,1
DA:25,1
DA:26,1
DA:27,1
DA:28,1
DA:29,1
DA:30,1
DA:31,1
DA:32,1
DA:33,1
DA:34,1
DA:35,1
DA:36,1
DA:37,1
LF:37
LH:37
BRDA:1,0,0,5
BRF:1
BRH:1
end_of_record
TN:
SF:src/__tests__/fakeData/fakeHomeData.js
FN:1,get
FNF:1
FNH:1
FNDA:48,get
DA:1,1
DA:2,1
DA:3,1
DA:4,1
DA:5,1
DA:6,1
DA:7,1
DA:8,1
DA:9,1
DA:10,1
DA:11,1
DA:12,1
DA:13,1
DA:14,1
DA:15,1
DA:16,1
DA:17,1
DA:18,1
DA:19,1
DA:20,1
DA:21,1
DA:22,1
DA:23,1
DA:24,1
DA:25,1
DA:26,1
DA:27,1
DA:28,1
DA:29,1
DA:30,1
DA:31,1
DA:32,1
DA:33,1
DA:34,1
DA:35,1
DA:36,1
DA:37,1
DA:38,1
DA:39,1
DA:40,1
DA:41,1
DA:42,1
DA:43,1
DA:44,1
DA:45,1
DA:46,1
DA:47,1
DA:48,1
DA:49,1
DA:50,1
DA:51,1
DA:52,1
DA:53,1
DA:54,1
DA:55,1
DA:56,1
DA:57,1
DA:58,1
DA:59,1
DA:60,1
DA:61,1
DA:62,1
DA:63,1
DA:64,1
DA:65,1
DA:66,1
DA:67,1
DA:68,1
DA:69,1
DA:70,1
DA:71,1
DA:72,1
DA:73,1
DA:74,1
DA:75,1
DA:76,1
DA:77,1
DA:78,1
DA:79,1
DA:80,1
DA:81,1
DA:82,1
DA:83,1
DA:84,1
DA:85,1
DA:86,1
DA:87,1
DA:88,1
DA:89,1
DA:90,1
DA:91,1
DA:92,1
DA:93,1
DA:94,1
DA:95,1
DA:96,1
DA:97,1
DA:98,1
DA:99,1
DA:100,1
DA:101,1
DA:102,1
DA:103,1
DA:104,1
DA:105,1
DA:106,1
DA:107,1
DA:108,1
DA:109,1
DA:110,1
DA:111,1
DA:112,1
DA:113,1
DA:114,1
DA:115,1
DA:116,1
DA:117,1
DA:118,1
DA:119,1
DA:120,1
DA:121,1
DA:122,1
DA:123,1
DA:124,1
DA:125,1
DA:126,1
DA:127,1
DA:128,1
DA:129,1
DA:130,1
DA:131,1
DA:132,1
DA:133,1
DA:134,1
DA:135,1
DA:136,1
DA:137,1
DA:138,1
DA:139,1
DA:140,1
DA:141,1
DA:142,1
DA:143,1
DA:144,1
DA:145,1
DA:146,1
DA:147,1
DA:148,1
DA:149,1
DA:150,1
DA:151,1
DA:152,1
DA:153,1
DA:154,1
DA:155,1
DA:156,1
DA:157,1
DA:158,1
DA:159,1
DA:160,1
DA:161,1
DA:162,1
DA:163,1
DA:164,1
DA:165,1
DA:166,1
DA:167,1
DA:168,1
DA:169,1
DA:170,1
DA:171,1
DA:172,1
DA:173,1
DA:174,1
DA:175,1
DA:176,1
DA:177,1
DA:178,1
DA:179,1
DA:180,1
DA:181,1
DA:182,1
DA:183,1
DA:184,1
DA:185,1
DA:186,1
DA:187,1
DA:188,1
DA:189,1
DA:190,1
DA:191,1
DA:192,1
DA:193,1
DA:194,1
DA:195,1
DA:196,1
DA:197,1
DA:198,1
DA:199,1
DA:200,1
DA:201,1
DA:202,1
DA:203,1
DA:204,1
DA:205,1
DA:206,1
DA:207,1
DA:208,1
DA:209,1
DA:210,1
DA:211,1
DA:212,1
DA:213,1
DA:214,1
DA:215,1
DA:216,1
DA:217,1
DA:218,1
DA:219,1
DA:220,1
DA:221,1
DA:222,1
DA:223,1
DA:224,1
DA:225,1
DA:226,1
DA:227,1
DA:228,1
DA:229,1
DA:230,1
DA:231,1
DA:232,1
DA:233,1
DA:234,1
DA:235,1
DA:236,1
DA:237,1
DA:238,1
DA:239,1
DA:240,1
DA:241,1
DA:242,1
DA:243,1
DA:244,1
DA:245,1
DA:246,1
DA:247,1
DA:248,1
DA:249,1
DA:250,1
DA:251,1
DA:252,1
DA:253,1
DA:254,1
DA:255,1
DA:256,1
DA:257,1
DA:258,1
DA:259,1
DA:260,1
DA:261,1
DA:262,1
DA:263,1
DA:264,1
DA:265,1
DA:266,1
DA:267,1
DA:268,1
DA:269,1
DA:270,1
DA:271,1
DA:272,1
DA:273,1
DA:274,1
DA:275,1
DA:276,1
DA:277,1
DA:278,1
DA:279,1
DA:280,1
DA:281,1
DA:282,1
DA:283,1
DA:284,1
DA:285,1
DA:286,1
DA:287,1
DA:288,1
DA:289,1
DA:290,1
DA:291,1
DA:292,1
DA:293,1
DA:294,1
DA:295,1
DA:296,1
DA:297,1
DA:298,1
DA:299,1
DA:300,1
DA:301,1
DA:302,1
DA:303,1
DA:304,1
DA:305,1
DA:306,1
DA:307,1
DA:308,1
DA:309,1
DA:310,1
DA:311,1
DA:312,1
DA:313,1
DA:314,1
DA:315,1
DA:316,1
DA:317,1
DA:318,1
DA:319,1
DA:320,1
DA:321,1
DA:322,1
DA:323,1
DA:324,1
DA:325,1
DA:326,1
DA:327,1
DA:328,1
DA:329,1
DA:330,1
DA:331,1
DA:332,1
DA:333,1
DA:334,1
DA:335,1
DA:336,1
DA:337,1
DA:338,1
DA:339,1
DA:340,1
DA:341,1
DA:342,1
DA:343,1
DA:344,1
DA:345,1
DA:346,1
DA:347,1
DA:348,1
DA:349,1
DA:350,1
DA:351,1
DA:352,1
DA:353,1
DA:354,1
DA:355,1
DA:356,1
DA:357,1
DA:358,1
DA:359,1
DA:360,1
DA:361,1
DA:362,1
DA:363,1
DA:364,1
DA:365,1
DA:366,1
DA:367,1
DA:368,1
DA:369,1
DA:370,1
DA:371,1
DA:372,1
DA:373,1
DA:374,1
DA:375,1
DA:376,1
DA:377,1
DA:378,1
DA:379,1
DA:380,1
DA:381,1
DA:382,1
DA:383,1
DA:384,1
DA:385,1
DA:386,1
DA:387,1
DA:388,1
DA:389,1
DA:390,1
DA:391,1
DA:392,1
DA:393,1
DA:394,1
DA:395,1
DA:396,1
DA:397,1
DA:398,1
DA:399,1
DA:400,1
DA:401,1
DA:402,1
DA:403,1
DA:404,1
DA:405,1
DA:406,1
DA:407,1
DA:408,1
DA:409,1
DA:410,1
DA:411,1
DA:412,1
DA:413,1
DA:414,1
DA:415,1
DA:416,1
DA:417,1
DA:418,1
DA:419,1
DA:420,1
DA:421,1
DA:422,1
DA:423,1
DA:424,1
DA:425,1
DA:426,1
DA:427,1
DA:428,1
DA:429,1
DA:430,1
DA:431,1
DA:432,1
DA:433,1
DA:434,1
DA:435,1
DA:436,1
DA:437,1
DA:438,1
DA:439,1
DA:440,1
DA:441,1
DA:442,1
DA:443,1
DA:444,1
DA:445,1
DA:446,1
DA:447,1
DA:448,1
DA:449,1
DA:450,1
DA:451,1
DA:452,1
DA:453,1
DA:454,1
DA:455,1
DA:456,1
DA:457,1
DA:458,1
DA:459,1
DA:460,1
DA:461,1
DA:462,1
DA:463,1
DA:464,1
DA:465,1
DA:466,1
DA:467,1
DA:468,1
DA:469,1
DA:470,1
DA:471,1
DA:472,1
DA:473,1
DA:474,1
DA:475,1
DA:476,1
DA:477,1
DA:478,1
DA:479,1
DA:480,1
DA:481,1
DA:482,1
DA:483,1
DA:484,1
DA:485,1
DA:486,1
DA:487,1
DA:488,1
DA:489,1
DA:490,1
DA:491,1
DA:492,1
DA:493,1
DA:494,1
DA:495,1
DA:496,1
DA:497,1
DA:498,1
DA:499,1
DA:500,1
DA:501,1
DA:502,1
DA:503,1
DA:504,1
DA:505,1
DA:506,1
DA:507,1
DA:508,1
DA:509,1
DA:510,1
DA:511,1
DA:512,1
DA:513,1
DA:514,1
DA:515,1
DA:516,1
LF:516
LH:516
BRDA:1,0,0,48
BRF:1
BRH:1
end_of_record
TN:
SF:src/__tests__/fakeData/fakeRecipeData.js
FN:1,get
FNF:1
FNH:1
FNDA:24,get
DA:1,1
DA:2,1
DA:3,1
DA:4,1
DA:5,1
DA:6,1
DA:7,1
DA:8,1
DA:9,1
DA:10,1
DA:11,1
DA:12,1
DA:13,1
DA:14,1
DA:15,1
DA:16,1
DA:17,1
DA:18,1
DA:19,1
DA:20,1
DA:21,1
DA:22,1
DA:23,1
DA:24,1
DA:25,1
DA:26,1
DA:27,1
DA:28,1
DA:29,1
DA:30,1
DA:31,1
DA:32,1
DA:33,1
DA:34,1
DA:35,1
DA:36,1
DA:37,1
DA:38,1
DA:39,1
DA:40,1
DA:41,1
DA:42,1
DA:43,1
DA:44,1
DA:45,1
DA:46,1
DA:47,1
DA:48,1
DA:49,1
DA:50,1
DA:51,1
DA:52,1
DA:53,1
DA:54,1
DA:55,1
DA:56,1
DA:57,1
DA:58,1
DA:59,1
DA:60,1
DA:61,1
DA:62,1
DA:63,1
DA:64,1
DA:65,1
DA:66,1
DA:67,1
DA:68,1
DA:69,1
DA:70,1
DA:71,1
DA:72,1
DA:73,1
DA:74,1
DA:75,1
DA:76,1
DA:77,1
DA:78,1
DA:79,1
DA:80,1
DA:81,1
DA:82,1
DA:83,1
DA:84,1
DA:85,1
DA:86,1
DA:87,1
DA:88,1
DA:89,1
DA:90,1
DA:91,1
DA:92,1
DA:93,1
DA:94,1
DA:95,1
DA:96,1
DA:97,1
DA:98,1
DA:99,1
DA:100,1
DA:101,1
DA:102,1
DA:103,1
DA:104,1
DA:105,1
DA:106,1
DA:107,1
DA:108,1
DA:109,1
DA:110,1
DA:111,1
DA:112,1
DA:113,1
DA:114,1
DA:115,1
DA:116,1
DA:117,1
DA:118,1
DA:119,1
DA:120,1
DA:121,1
DA:122,1
DA:123,1
DA:124,1
DA:125,1
DA:126,1
DA:127,1
DA:128,1
DA:129,1
DA:130,1
DA:131,1
DA:132,1
DA:133,1
DA:134,1
DA:135,1
DA:136,1
DA:137,1
DA:138,1
DA:139,1
DA:140,1
DA:141,1
DA:142,1
DA:143,1
DA:144,1
DA:145,1
DA:146,1
DA:147,1
DA:148,1
DA:149,1
DA:150,1
DA:151,1
DA:152,1
DA:153,1
DA:154,1
DA:155,1
DA:156,1
DA:157,1
DA:158,1
DA:159,1
DA:160,1
DA:161,1
DA:162,1
DA:163,1
DA:164,1
DA:165,1
DA:166,1
DA:167,1
DA:168,1
DA:169,1
DA:170,1
DA:171,1
DA:172,1
DA:173,1
DA:174,1
DA:175,1
DA:176,1
DA:177,1
DA:178,1
DA:179,1
DA:180,1
DA:181,1
DA:182,1
DA:183,1
DA:184,1
DA:185,1
DA:186,1
DA:187,1
DA:188,1
DA:189,1
DA:190,1
DA:191,1
DA:192,1
DA:193,1
DA:194,1
DA:195,1
DA:196,1
DA:197,1
DA:198,1
DA:199,1
DA:200,1
DA:201,1
DA:202,1
DA:203,1
DA:204,1
DA:205,1
DA:206,1
DA:207,1
DA:208,1
DA:209,1
DA:210,1
DA:211,1
DA:212,1
DA:213,1
DA:214,1
DA:215,1
DA:216,1
DA:217,1
DA:218,1
DA:219,1
DA:220,1
DA:221,1
DA:222,1
DA:223,1
DA:224,1
DA:225,1
DA:226,1
DA:227,1
DA:228,1
DA:229,1
DA:230,1
DA:231,1
DA:232,1
DA:233,1
DA:234,1
DA:235,1
DA:236,1
DA:237,1
DA:238,1
DA:239,1
DA:240,1
LF:240
LH:240
BRDA:1,0,0,24
BRF:1
BRH:1
end_of_record
TN:
SF:src/__tests__/fakeData/fakeSearchData.js
FN:1,get
FNF:1
FNH:1
FNDA:3,get
DA:1,1
DA:2,1
DA:3,1
DA:4,1
DA:5,1
DA:6,1
DA:7,1
DA:8,1
DA:9,1
DA:10,1
DA:11,1
DA:12,1
DA:13,1
DA:14,1
DA:15,1
DA:16,1
DA:17,1
DA:18,1
DA:19,1
DA:20,1
DA:21,1
DA:22,1
DA:23,1
DA:24,1
DA:25,1
DA:26,1
DA:27,1
DA:28,1
DA:29,1
DA:30,1
DA:31,1
DA:32,1
DA:33,1
DA:34,1
DA:35,1
DA:36,1
DA:37,1
DA:38,1
DA:39,1
DA:40,1
DA:41,1
DA:42,1
DA:43,1
DA:44,1
DA:45,1
DA:46,1
DA:47,1
DA:48,1
DA:49,1
DA:50,1
DA:51,1
DA:52,1
DA:53,1
DA:54,1
DA:55,1
DA:56,1
DA:57,1
DA:58,1
DA:59,1
DA:60,1
DA:61,1
DA:62,1
DA:63,1
DA:64,1
DA:65,1
DA:66,1
DA:67,1
DA:68,1
DA:69,1
DA:70,1
DA:71,1
DA:72,1
DA:73,1
DA:74,1
DA:75,1
DA:76,1
DA:77,1
DA:78,1
DA:79,1
DA:80,1
DA:81,1
DA:82,1
DA:83,1
DA:84,1
DA:85,1
DA:86,1
DA:87,1
DA:88,1
DA:89,1
DA:90,1
DA:91,1
DA:92,1
DA:93,1
DA:94,1
DA:95,1
DA:96,1
DA:97,1
DA:98,1
DA:99,1
DA:100,1
DA:101,1
DA:102,1
DA:103,1
DA:104,1
DA:105,1
DA:106,1
DA:107,1
DA:108,1
DA:109,1
DA:110,1
DA:111,1
DA:112,1
DA:113,1
DA:114,1
DA:115,1
DA:116,1
DA:117,1
DA:118,1
DA:119,1
DA:120,1
DA:121,1
DA:122,1
DA:123,1
DA:124,1
DA:125,1
DA:126,1
DA:127,1
DA:128,1
DA:129,1
DA:130,1
DA:131,1
DA:132,1
DA:133,1
DA:134,1
DA:135,1
DA:136,1
DA:137,1
DA:138,1
DA:139,1
DA:140,1
DA:141,1
DA:142,1
DA:143,1
DA:144,1
DA:145,1
DA:146,1
DA:147,1
DA:148,1
DA:149,1
DA:150,1
DA:151,1
DA:152,1
DA:153,1
DA:154,1
DA:155,1
DA:156,1
DA:157,1
DA:158,1
DA:159,1
LF:159
LH:159
BRDA:1,0,0,3
BRF:1
BRH:1
end_of_record
TN:
SF:src/__tests__/fakeData/fakeSpecificCategory.js
FN:1,get
FNF:1
FNH:1
FNDA:2,get
DA:1,1
DA:2,1
DA:3,1
DA:4,1
DA:5,1
DA:6,1
DA:7,1
DA:8,1
DA:9,1
DA:10,1
DA:11,1
DA:12,1
DA:13,1
DA:14,1
DA:15,1
DA:16,1
DA:17,1
DA:18,1
DA:19,1
DA:20,1
DA:21,1
DA:22,1
DA:23,1
DA:24,1
DA:25,1
DA:26,1
DA:27,1
DA:28,1
DA:29,1
DA:30,1
DA:31,1
DA:32,1
DA:33,1
DA:34,1
DA:35,1
DA:36,1
DA:37,1
DA:38,1
DA:39,1
DA:40,1
DA:41,1
DA:42,1
DA:43,1
DA:44,1
DA:45,1
DA:46,1
DA:47,1
DA:48,1
DA:49,1
DA:50,1
DA:51,1
DA:52,1
DA:53,1
DA:54,1
DA:55,1
DA:56,1
DA:57,1
DA:58,1
DA:59,1
DA:60,1
DA:61,1
DA:62,1
DA:63,1
DA:64,1
DA:65,1
DA:66,1
DA:67,1
DA:68,1
DA:69,1
DA:70,1
DA:71,1
DA:72,1
DA:73,1
DA:74,1
DA:75,1
DA:76,1
DA:77,1
DA:78,1
DA:79,1
DA:80,1
DA:81,1
DA:82,1
DA:83,1
DA:84,1
DA:85,1
DA:86,1
DA:87,1
DA:88,1
DA:89,1
DA:90,1
DA:91,1
DA:92,1
DA:93,1
DA:94,1
DA:95,1
DA:96,1
DA:97,1
DA:98,1
DA:99,1
DA:100,1
DA:101,1
DA:102,1
DA:103,1
DA:104,1
DA:105,1
DA:106,1
DA:107,1
DA:108,1
DA:109,1
DA:110,1
DA:111,1
DA:112,1
DA:113,1
DA:114,1
DA:115,1
DA:116,1
DA:117,1
DA:118,1
DA:119,1
DA:120,1
DA:121,1
DA:122,1
DA:123,1
DA:124,1
DA:125,1
DA:126,1
DA:127,1
DA:128,1
DA:129,1
DA:130,1
DA:131,1
DA:132,1
DA:133,1
DA:134,1
DA:135,1
DA:136,1
DA:137,1
DA:138,1
DA:139,1
DA:140,1
DA:141,1
DA:142,1
DA:143,1
DA:144,1
DA:145,1
DA:146,1
DA:147,1
DA:148,1
DA:149,1
DA:150,1
DA:151,1
DA:152,1
DA:153,1
DA:154,1
DA:155,1
DA:156,1
DA:157,1
DA:158,1
DA:159,1
DA:160,1
DA:161,1
DA:162,1
DA:163,1
DA:164,1
DA:165,1
DA:166,1
DA:167,1
DA:168,1
DA:169,1
DA:170,1
DA:171,1
DA:172,1
DA:173,1
DA:174,1
DA:175,1
DA:176,1
DA:177,1
DA:178,1
DA:179,1
DA:180,1
DA:181,1
DA:182,1
DA:183,1
DA:184,1
DA:185,1
DA:186,1
DA:187,1
DA:188,1
DA:189,1
DA:190,1
DA:191,1
DA:192,1
DA:193,1
DA:194,1
DA:195,1
DA:196,1
DA:197,1
DA:198,1
DA:199,1
DA:200,1
DA:201,1
DA:202,1
DA:203,1
DA:204,1
DA:205,1
DA:206,1
DA:207,1
DA:208,1
DA:209,1
DA:210,1
DA:211,1
DA:212,1
DA:213,1
DA:214,1
DA:215,1
DA:216,1
DA:217,1
DA:218,1
DA:219,1
DA:220,1
DA:221,1
DA:222,1
DA:223,1
DA:224,1
DA:225,1
DA:226,1
DA:227,1
DA:228,1
DA:229,1
DA:230,1
DA:231,1
DA:232,1
DA:233,1
DA:234,1
DA:235,1
DA:236,1
DA:237,1
DA:238,1
DA:239,1
DA:240,1
LF:240
LH:240
BRDA:1,0,0,2
BRF:1
BRH:1
end_of_record
TN:
SF:src/assest/icons/IcoArrowRight.jsx
FN:19,get
FN:5,IcoArrowRight
FNF:2
FNH:2
FNDA:585,get
FNDA:585,IcoArrowRight
DA:1,1
DA:2,1
DA:3,1
DA:4,1
DA:5,585
DA:6,585
DA:7,585
DA:8,585
DA:9,585
DA:10,585
DA:11,585
DA:12,585
DA:13,585
DA:14,585
DA:15,585
DA:16,585
DA:17,585
DA:18,1
DA:19,1
LF:19
LH:19
BRDA:19,0,0,585
BRDA:5,1,0,585
BRF:2
BRH:2
end_of_record
TN:
SF:src/assest/icons/IcoClose.jsx
FN:23,get
FN:6,IcoClose
FN:17,onClick
FNF:3
FNH:3
FNDA:1041,get
FNDA:1041,IcoClose
FNDA:34,onClick
DA:1,1
DA:2,1
DA:3,1
DA:4,1
DA:5,1
DA:6,1041
DA:7,1041
DA:8,1041
DA:9,1041
DA:10,1041
DA:11,1041
DA:12,1041
DA:13,1041
DA:14,1041
DA:15,1041
DA:16,1041
DA:17,1041
DA:18,1041
DA:19,1041
DA:20,1041
DA:21,1041
DA:22,1
DA:23,1
LF:23
LH:23
BRDA:23,0,0,1041
BRDA:6,1,0,1041
BRDA:17,2,0,34
BRF:3
BRH:3
end_of_record
TN:
SF:src/assest/icons/IcoEdit.jsx
FN:21,get
FN:5,IcoEidt
FNF:2
FNH:2
FNDA:50,get
FNDA:50,IcoEidt
DA:1,1
DA:2,1
DA:3,1
DA:4,1
DA:5,50
DA:6,50
DA:7,50
DA:8,50
DA:9,50
DA:10,50
DA:11,50
DA:12,50
DA:13,50
DA:14,50
DA:15,50
DA:16,50
DA:17,50
DA:18,50
DA:19,50
DA:20,1
DA:21,1
LF:21
LH:21
BRDA:21,0,0,50
BRDA:5,1,0,50
BRF:2
BRH:2
end_of_record
TN:
SF:src/assest/icons/IcoFacebook.jsx
FN:21,get
FN:5,IcoFacebook
FN:15,onClick
FNF:3
FNH:2
FNDA:298,get
FNDA:298,IcoFacebook
FNDA:0,onClick
DA:1,1
DA:2,1
DA:3,1
DA:4,1
DA:5,298
DA:6,298
DA:7,298
DA:8,298
DA:9,298
DA:10,298
DA:11,298
DA:12,298
DA:13,298
DA:14,298
DA:15,298
DA:16,298
DA:17,298
DA:18,298
DA:19,298
DA:20,1
DA:21,1
LF:21
LH:21
BRDA:21,0,0,298
BRDA:5,1,0,298
BRF:2
BRH:2
end_of_record
TN:
SF:src/assest/icons/IcoInstagram.jsx
FN:21,get
FN:5,IcoInstagram
FN:15,onClick
FNF:3
FNH:2
FNDA:298,get
FNDA:298,IcoInstagram
FNDA:0,onClick
DA:1,1
DA:2,1
DA:3,1
DA:4,1
DA:5,298
DA:6,298
DA:7,298
DA:8,298
DA:9,298
DA:10,298
DA:11,298
DA:12,298
DA:13,298
DA:14,298
DA:15,298
DA:16,298
DA:17,298
DA:18,298
DA:19,298
DA:20,1
DA:21,1
LF:21
LH:21
BRDA:21,0,0,298
BRDA:5,1,0,298
BRF:2
BRH:2
end_of_record
TN:
SF:src/assest/icons/IcoLike.jsx
FN:21,get
FN:5,IcoLike
FNF:2
FNH:2
FNDA:50,get
FNDA:50,IcoLike
DA:1,1
DA:2,1
DA:3,1
DA:4,1
DA:5,50
DA:6,50
DA:7,50
DA:8,50
DA:9,50
DA:10,50
DA:11,50
DA:12,50
DA:13,50
DA:14,50
DA:15,50
DA:16,50
DA:17,50
DA:18,50
DA:19,50
DA:20,1
DA:21,1
LF:21
LH:21
BRDA:21,0,0,50
BRDA:5,1,0,50
BRF:2
BRH:2
end_of_record
TN:
SF:src/assest/icons/IcoMenu.jsx
FN:22,get
FN:5,IcoMenu
FN:16,onClick
FNF:3
FNH:3
FNDA:322,get
FNDA:322,IcoMenu
FNDA:3,onClick
DA:1,1
DA:2,1
DA:3,1
DA:4,1
DA:5,322
DA:6,322
DA:7,322
DA:8,322
DA:9,322
DA:10,322
DA:11,322
DA:12,322
DA:13,322
DA:14,322
DA:15,322
DA:16,322
DA:17,322
DA:18,322
DA:19,322
DA:20,322
DA:21,1
DA:22,1
LF:22
LH:22
BRDA:22,0,0,322
BRDA:5,1,0,322
BRDA:16,2,0,3
BRF:3
BRH:3
end_of_record
TN:
SF:src/assest/icons/IcoMoon.jsx
FN:22,get
FN:5,IcoMoon
FN:16,onClick
FNF:3
FNH:3
FNDA:306,get
FNDA:306,IcoMoon
FNDA:2,onClick
DA:1,1
DA:2,1
DA:3,1
DA:4,1
DA:5,306
DA:6,306
DA:7,306
DA:8,306
DA:9,306
DA:10,306
DA:11,306
DA:12,306
DA:13,306
DA:14,306
DA:15,306
DA:16,306
DA:17,306
DA:18,306
DA:19,306
DA:20,306
DA:21,1
DA:22,1
LF:22
LH:22
BRDA:22,0,0,306
BRDA:5,1,0,306
BRDA:16,2,0,2
BRF:3
BRH:3
end_of_record
TN:
SF:src/assest/icons/IcoSearch.jsx
FN:23,get
FN:5,IcoSearch
FN:16,onClick
FNF:3
FNH:3
FNDA:326,get
FNDA:326,IcoSearch
FNDA:1,onClick
DA:1,1
DA:2,1
DA:3,1
DA:4,1
DA:5,326
DA:6,326
DA:7,326
DA:8,326
DA:9,326
DA:10,326
DA:11,326
DA:12,326
DA:13,326
DA:14,326
DA:15,326
DA:16,326
DA:17,326
DA:18,326
DA:19,326
DA:20,326
DA:21,326
DA:22,1
DA:23,1
LF:23
LH:23
BRDA:23,0,0,326
BRDA:5,1,0,326
BRDA:16,2,0,1
BRF:3
BRH:3
end_of_record
TN:
SF:src/assest/icons/IcoSun.jsx
FN:30,get
FN:5,IcoSun
FN:16,onClick
FNF:3
FNH:3
FNDA:2,get
FNDA:2,IcoSun
FNDA:1,onClick
DA:1,1
DA:2,1
DA:3,1
DA:4,1
DA:5,2
DA:6,2
DA:7,2
DA:8,2
DA:9,2
DA:10,2
DA:11,2
DA:12,2
DA:13,2
DA:14,2
DA:15,2
DA:16,2
DA:17,2
DA:18,2
DA:19,2
DA:20,2
DA:21,2
DA:22,2
DA:23,2
DA:24,2
DA:25,2
DA:26,2
DA:27,2
DA:28,2
DA:29,1
DA:30,1
LF:30
LH:30
BRDA:30,0,0,2
BRDA:5,1,0,2
BRDA:16,2,0,1
BRF:3
BRH:3
end_of_record
TN:
SF:src/assest/icons/IcoTwitter.jsx
FN:21,get
FN:5,IcoTwitter
FN:15,onClick
FNF:3
FNH:2
FNDA:298,get
FNDA:298,IcoTwitter
FNDA:0,onClick
DA:1,1
DA:2,1
DA:3,1
DA:4,1
DA:5,298
DA:6,298
DA:7,298
DA:8,298
DA:9,298
DA:10,298
DA:11,298
DA:12,298
DA:13,298
DA:14,298
DA:15,298
DA:16,298
DA:17,298
DA:18,298
DA:19,298
DA:20,1
DA:21,1
LF:21
LH:21
BRDA:21,0,0,298
BRDA:5,1,0,298
BRF:2
BRH:2
end_of_record
TN:
SF:src/assest/icons/IcoWarm.jsx
FN:21,get
FN:5,IcoWarm
FNF:2
FNH:2
FNDA:46,get
FNDA:46,IcoWarm
DA:1,1
DA:2,1
DA:3,1
DA:4,1
DA:5,46
DA:6,46
DA:7,46
DA:8,46
DA:9,46
DA:10,46
DA:11,46
DA:12,46
DA:13,46
DA:14,46
DA:15,46
DA:16,46
DA:17,46
DA:18,46
DA:19,46
DA:20,1
DA:21,1
LF:21
LH:21
BRDA:21,0,0,46
BRDA:5,1,0,46
BRF:2
BRH:2
end_of_record
TN:
SF:src/components/add/addRecipeBreads.jsx
FN:62,get
FN:8,AddRecipeBreads
FN:39,event
FN:49,event
FNF:4
FNH:2
FNDA:106,get
FNDA:106,AddRecipeBreads
FNDA:0,event
FNDA:0,event
DA:1,1
DA:2,1
DA:3,1
DA:4,1
DA:5,1
DA:6,1
DA:7,1
DA:8,106
DA:9,106
DA:10,106
DA:11,106
DA:12,106
DA:13,106
DA:14,106
DA:15,106
DA:16,106
DA:17,106
DA:18,106
DA:19,106
DA:20,106
DA:21,106
DA:22,106
DA:23,106
DA:24,106
DA:25,106
DA:26,106
DA:27,106
DA:28,106
DA:29,106
DA:30,106
DA:31,106
DA:32,106
DA:33,106
DA:34,106
DA:35,106
DA:36,106
DA:37,106
DA:38,106
DA:39,106
DA:40,106
DA:41,106
DA:42,106
DA:43,106
DA:44,106
DA:45,106
DA:46,106
DA:47,106
DA:48,106
DA:49,106
DA:50,106
DA:51,106
DA:52,106
DA:53,106
DA:54,106
DA:55,106
DA:56,106
DA:57,106
DA:58,106
DA:59,106
DA:60,106
DA:61,1
DA:62,1
LF:62
LH:62
BRDA:62,0,0,106
BRDA:8,1,0,106
BRDA:37,2,0,59
BRDA:37,3,0,47
BRDA:39,4,0,47
BRDA:49,5,0,97
BRDA:53,6,0,9
BRDA:53,7,0,97
BRDA:9,8,0,385
BRF:9
BRH:9
end_of_record
TN:
SF:src/components/add/addRecipeButtons.jsx
FN:81,get
FN:9,AddRecipeButtons
FN:14,nextButtonHandler
FN:24,previousButtonHandler
FN:30,isButtonsDisabled
FN:75,event
FNF:6
FNH:5
FNDA:106,get
FNDA:121,AddRecipeButtons
FNDA:57,nextButtonHandler
FNDA:2,previousButtonHandler
FNDA:181,isButtonsDisabled
FNDA:0,event
DA:1,1
DA:2,1
DA:3,1
DA:4,1
DA:5,1
DA:6,1
DA:7,1
DA:8,1
DA:9,121
DA:10,121
DA:11,121
DA:12,121
DA:13,121
DA:14,121
DA:15,57
DA:16,54
DA:17,7
DA:18,54
DA:19,47
DA:20,47
DA:21,54
DA:22,121
DA:23,121
DA:24,121
DA:25,2
DA:26,1
DA:27,1
DA:28,121
DA:29,121
DA:30,121
DA:31,121
DA:32,121
DA:33,121
DA:34,121
DA:35,121
DA:36,121
DA:37,121
DA:38,121
DA:39,121
DA:40,121
DA:41,121
DA:42,121
DA:43,121
DA:44,121
DA:45,121
DA:46,121
DA:47,121
DA:48,61
DA:49,61
DA:50,61
DA:51,61
DA:52,61
DA:53,61
DA:54,61
DA:55,61
DA:56,61
DA:57,61
DA:58,61
DA:59,61
DA:60,61
DA:61,61
DA:62,61
DA:63,61
DA:64,121
DA:65,121
DA:66,121
DA:67,121
DA:68,121
DA:69,121
DA:70,121
DA:71,121
DA:72,121
DA:73,121
DA:74,121
DA:75,121
DA:76,121
DA:77,121
DA:78,121
DA:79,121
DA:80,1
DA:81,1
LF:81
LH:81
BRDA:81,0,0,106
BRDA:9,1,0,121
BRDA:33,2,0,59
BRDA:33,3,0,61
BRDA:48,4,0,61
BRDA:74,5,0,23
BRDA:74,6,0,97
BRDA:10,7,0,399
BRDA:11,8,0,399
BRDA:12,9,0,399
BRDA:14,10,0,57
BRDA:15,11,0,54
BRDA:16,12,0,7
BRDA:18,13,0,47
BRDA:24,14,0,2
BRDA:25,15,0,1
BRDA:25,16,0,1
BRDA:30,17,0,181
BRF:18
BRH:18
end_of_record
TN:
SF:src/components/add/addRecipeHead.jsx
FN:65,get
FN:7,AddRecipeHead
FN:12,handleAbortButton
FNF:3
FNH:3
FNDA:106,get
FNDA:106,AddRecipeHead
FNDA:3,handleAbortButton
DA:1,1
DA:2,1
DA:3,1
DA:4,1
DA:5,1
DA:6,1
DA:7,106
DA:8,106
DA:9,106
DA:10,106
DA:11,106
DA:12,106
DA:13,3
DA:14,3
DA:15,3
DA:16,3
DA:17,106
DA:18,106
DA:19,106
DA:20,106
DA:21,106
DA:22,106
DA:23,106
DA:24,106
DA:25,106
DA:26,106
DA:27,106
DA:28,106
DA:29,106
DA:30,106
DA:31,106
DA:32,106
DA:33,106
DA:34,106
DA:35,106
DA:36,106
DA:37,106
DA:38,106
DA:39,106
DA:40,106
DA:41,106
DA:42,106
DA:43,106
DA:44,106
DA:45,106
DA:46,106
DA:47,106
DA:48,106
DA:49,106
DA:50,106
DA:51,106
DA:52,106
DA:53,106
DA:54,106
DA:55,106
DA:56,106
DA:57,106
DA:58,106
DA:59,106
DA:60,106
DA:61,106
DA:62,106
DA:63,106
DA:64,1
DA:65,1
LF:65
LH:65
BRDA:65,0,0,106
BRDA:7,1,0,106
BRDA:8,2,0,385
BRDA:9,3,0,385
BRDA:10,4,0,385
BRDA:11,5,0,385
BRDA:12,6,0,3
BRF:7
BRH:7
end_of_record
TN:
SF:src/components/add/addStep1.jsx
FN:201,get
FN:10,AddStep1
FN:14,textInputHandle
FN:42,selectInputHandle
FN:54,fileInputHandle
FN:91,onChange
FN:100,onChange
FN:110,onChange
FN:126,onChange
FN:140,onChange
FN:152,onChange
FN:164,onChange
FN:176,onChange
FNF:13
FNH:13
FNDA:59,get
FNDA:175,AddStep1
FNDA:113,textInputHandle
FNDA:2,selectInputHandle
FNDA:1,fileInputHandle
FNDA:21,onChange
FNDA:19,onChange
FNDA:1,onChange
FNDA:1,onChange
FNDA:19,onChange
FNDA:18,onChange
FNDA:18,onChange
FNDA:18,onChange
DA:1,1
DA:2,1
DA:3,1
DA:4,1
DA:5,1
DA:6,1
DA:7,1
DA:8,1
DA:9,1
DA:10,175
DA:11,175
DA:12,175
DA:13,175
DA:14,175
DA:15,113
DA:16,113
DA:17,21
DA:18,21
DA:19,21
DA:20,113
DA:21,19
DA:22,19
DA:23,19
DA:24,113
DA:25,19
DA:26,19
DA:27,113
DA:28,113
DA:29,18
DA:30,18
DA:31,113
DA:32,113
DA:33,18
DA:34,18
DA:35,113
DA:36,113
DA:37,18
DA:38,18
DA:39,113
DA:40,175
DA:41,175
DA:42,175
DA:43,2
DA:44,2
DA:45,1
DA:46,1
DA:47,2
DA:48,2
DA:49,1
DA:50,1
DA:51,2
DA:52,175
DA:53,175
DA:54,175
DA:55,1
DA:56,175
DA:57,175
DA:58,175
DA:59,175
DA:60,175
DA:61,175
DA:62,175
DA:63,175
DA:64,175
DA:65,175
DA:66,175
DA:67,175
DA:68,175
DA:69,175
DA:70,175
DA:71,175
DA:72,175
DA:73,175
DA:74,175
DA:75,175
DA:76,175
DA:77,175
DA:78,175
DA:79,175
DA:80,175
DA:81,175
DA:82,175
DA:83,175
DA:84,175
DA:85,175
DA:86,175
DA:87,175
DA:88,175
DA:89,175
DA:90,175
DA:91,175
DA:92,175
DA:93,175
DA:94,175
DA:95,175
DA:96,175
DA:97,175
DA:98,175
DA:99,175
DA:100,175
DA:101,175
DA:102,175
DA:103,175
DA:104,175
DA:105,175
DA:106,175
DA:107,175
DA:108,175
DA:109,175
DA:110,175
DA:111,175
DA:112,175
DA:113,175
DA:114,175
DA:115,175
DA:116,175
DA:117,175
DA:118,175
DA:119,175
DA:120,175
DA:121,175
DA:122,175
DA:123,175
DA:124,175
DA:125,175
DA:126,175
DA:127,175
DA:128,175
DA:129,175
DA:130,175
DA:131,175
DA:132,175
DA:133,175
DA:134,175
DA:135,175
DA:136,175
DA:137,175
DA:138,175
DA:139,175
DA:140,175
DA:141,175
DA:142,175
DA:143,175
DA:144,175
DA:145,175
DA:146,175
DA:147,175
DA:148,175
DA:149,175
DA:150,175
DA:151,175
DA:152,175
DA:153,175
DA:154,175
DA:155,175
DA:156,175
DA:157,175
DA:158,175
DA:159,175
DA:160,175
DA:161,175
DA:162,175
DA:163,175
DA:164,175
DA:165,175
DA:166,175
DA:167,175
DA:168,175
DA:169,175
DA:170,175
DA:171,175
DA:172,175
DA:173,175
DA:174,175
DA:175,175
DA:176,175
DA:177,175
DA:178,175
DA:179,175
DA:180,175
DA:181,175
DA:182,175
DA:183,175
DA:184,175
DA:185,175
DA:186,175
DA:187,175
DA:188,175
DA:189,175
DA:190,175
DA:191,175
DA:192,175
DA:193,175
DA:194,175
DA:195,175
DA:196,175
DA:197,175
DA:198,175
DA:199,175
DA:200,1
DA:201,1
LF:201
LH:201
BRDA:201,0,0,59
BRDA:10,1,0,175
BRDA:11,2,0,356
BRDA:12,3,0,356
BRDA:14,4,0,113
BRDA:16,5,0,21
BRDA:20,6,0,19
BRDA:24,7,0,19
BRDA:28,8,0,18
BRDA:32,9,0,18
BRDA:36,10,0,18
BRDA:42,11,0,2
BRDA:44,12,0,1
BRDA:48,13,0,1
BRDA:54,14,0,1
BRDA:91,15,0,21
BRDA:100,16,0,19
BRDA:110,17,0,1
BRDA:116,18,0,1225
BRDA:126,19,0,1
BRDA:140,20,0,19
BRDA:152,21,0,18
BRDA:164,22,0,18
BRDA:176,23,0,18
BRF:24
BRH:24
end_of_record
TN:
SF:src/components/add/addStep2.jsx
FN:139,get
FN:11,addStep2
FN:15,handleMaterialInput
FN:22,handleAddMaterialButton
FN:29,handleDeleteMaterial
FNF:5
FNH:5
FNDA:17,get
FNDA:47,addStep2
FNDA:12,handleMaterialInput
FNDA:17,handleAddMaterialButton
FNDA:1,handleDeleteMaterial
DA:1,1
DA:2,1
DA:3,1
DA:4,1
DA:5,1
DA:6,1
DA:7,1
DA:8,1
DA:9,1
DA:10,1
DA:11,1
DA:12,47
DA:13,47
DA:14,47
DA:15,47
DA:16,12
DA:17,12
DA:18,12
DA:19,12
DA:20,47
DA:21,47
DA:22,47
DA:23,17
DA:24,17
DA:25,17
DA:26,17
DA:27,47
DA:28,47
DA:29,47
DA:30,1
DA:31,1
DA:32,1
DA:33,1
DA:34,47
DA:35,47
DA:36,47
DA:37,47
DA:38,47
DA:39,47
DA:40,47
DA:41,47
DA:42,47
DA:43,47
DA:44,47
DA:45,47
DA:46,47
DA:47,47
DA:48,47
DA:49,47
DA:50,47
DA:51,47
DA:52,47
DA:53,47
DA:54,47
DA:55,47
DA:56,47
DA:57,47
DA:58,47
DA:59,47
DA:60,47
DA:61,47
DA:62,47
DA:63,47
DA:64,47
DA:65,47
DA:66,47
DA:67,47
DA:68,47
DA:69,47
DA:70,47
DA:71,47
DA:72,47
DA:73,47
DA:74,47
DA:75,47
DA:76,47
DA:77,47
DA:78,47
DA:79,47
DA:80,47
DA:81,47
DA:82,47
DA:83,47
DA:84,47
DA:85,47
DA:86,47
DA:87,47
DA:88,47
DA:89,47
DA:90,47
DA:91,47
DA:92,184
DA:93,47
DA:94,47
DA:95,47
DA:96,47
DA:97,47
DA:98,47
DA:99,47
DA:100,47
DA:101,47
DA:102,47
DA:103,47
DA:104,47
DA:105,47
DA:106,47
DA:107,47
DA:108,47
DA:109,47
DA:110,47
DA:111,47
DA:112,47
DA:113,47
DA:114,47
DA:115,47
DA:116,47
DA:117,47
DA:118,47
DA:119,47
DA:120,47
DA:121,47
DA:122,47
DA:123,47
DA:124,47
DA:125,47
DA:126,47
DA:127,47
DA:128,47
DA:129,47
DA:130,47
DA:131,47
DA:132,47
DA:133,47
DA:134,47
DA:135,47
DA:136,47
DA:137,1
DA:138,1
DA:139,1
LF:139
LH:139
BRDA:139,0,0,17
BRDA:11,1,0,47
BRDA:12,2,0,89
BRDA:13,3,0,89
BRDA:15,4,0,12
BRDA:22,5,0,17
BRDA:24,6,0,0
BRDA:29,7,0,1
BRDA:91,8,0,184
BRDA:101,9,0,30
BRDA:101,10,0,154
BRF:11
BRH:10
end_of_record
TN:
SF:src/components/add/addStep3.jsx
FN:139,get
FN:11,addStep3
FN:15,handleStepInput
FN:22,handleAddStepButton
FN:29,handleDeleteStep
FNF:5
FNH:5
FNDA:11,get
FNDA:23,addStep3
FNDA:10,handleStepInput
FNDA:1,handleAddStepButton
FNDA:1,handleDeleteStep
DA:1,1
DA:2,1
DA:3,1
DA:4,1
DA:5,1
DA:6,1
DA:7,1
DA:8,1
DA:9,1
DA:10,1
DA:11,1
DA:12,23
DA:13,23
DA:14,23
DA:15,23
DA:16,10
DA:17,10
DA:18,10
DA:19,10
DA:20,23
DA:21,23
DA:22,23
DA:23,1
DA:24,1
DA:25,1
DA:26,1
DA:27,23
DA:28,23
DA:29,23
DA:30,1
DA:31,1
DA:32,1
DA:33,1
DA:34,23
DA:35,23
DA:36,23
DA:37,23
DA:38,23
DA:39,23
DA:40,23
DA:41,23
DA:42,23
DA:43,23
DA:44,23
DA:45,23
DA:46,23
DA:47,23
DA:48,23
DA:49,23
DA:50,23
DA:51,23
DA:52,23
DA:53,23
DA:54,23
DA:55,23
DA:56,23
DA:57,23
DA:58,23
DA:59,23
DA:60,23
DA:61,23
DA:62,23
DA:63,23
DA:64,23
DA:65,23
DA:66,23
DA:67,23
DA:68,23
DA:69,23
DA:70,23
DA:71,23
DA:72,23
DA:73,23
DA:74,23
DA:75,23
DA:76,23
DA:77,23
DA:78,23
DA:79,23
DA:80,23
DA:81,23
DA:82,23
DA:83,23
DA:84,23
DA:85,23
DA:86,23
DA:87,23
DA:88,23
DA:89,23
DA:90,23
DA:91,23
DA:92,24
DA:93,23
DA:94,23
DA:95,23
DA:96,23
DA:97,23
DA:98,23
DA:99,23
DA:100,23
DA:101,23
DA:102,23
DA:103,23
DA:104,23
DA:105,23
DA:106,23
DA:107,23
DA:108,23
DA:109,23
DA:110,23
DA:111,23
DA:112,23
DA:113,23
DA:114,23
DA:115,23
DA:116,23
DA:117,23
DA:118,23
DA:119,23
DA:120,23
DA:121,23
DA:122,23
DA:123,23
DA:124,23
DA:125,23
DA:126,23
DA:127,23
DA:128,23
DA:129,23
DA:130,23
DA:131,23
DA:132,23
DA:133,23
DA:134,23
DA:135,23
DA:136,23
DA:137,1
DA:138,1
DA:139,1
LF:139
LH:139
BRDA:139,0,0,11
BRDA:11,1,0,23
BRDA:12,2,0,45
BRDA:13,3,0,45
BRDA:15,4,0,10
BRDA:22,5,0,1
BRDA:24,6,0,0
BRDA:29,7,0,1
BRDA:91,8,0,24
BRDA:101,9,0,22
BRDA:101,10,0,2
BRF:11
BRH:10
end_of_record
TN:
SF:src/components/add/addStep4.jsx
FN:139,get
FN:11,AddStep4
FN:15,handleTipInput
FN:22,handleAddTipButton
FN:29,handleDeleteTip
FNF:5
FNH:5
FNDA:10,get
FNDA:21,AddStep4
FNDA:9,handleTipInput
FNDA:1,handleAddTipButton
FNDA:1,handleDeleteTip
DA:1,1
DA:2,1
DA:3,1
DA:4,1
DA:5,1
DA:6,1
DA:7,1
DA:8,1
DA:9,1
DA:10,1
DA:11,21
DA:12,21
DA:13,21
DA:14,21
DA:15,21
DA:16,9
DA:17,9
DA:18,9
DA:19,9
DA:20,21
DA:21,21
DA:22,21
DA:23,1
DA:24,1
DA:25,1
DA:26,1
DA:27,21
DA:28,21
DA:29,21
DA:30,1
DA:31,1
DA:32,1
DA:33,1
DA:34,21
DA:35,21
DA:36,21
DA:37,21
DA:38,21
DA:39,21
DA:40,21
DA:41,21
DA:42,21
DA:43,21
DA:44,21
DA:45,21
DA:46,21
DA:47,21
DA:48,21
DA:49,21
DA:50,21
DA:51,21
DA:52,21
DA:53,21
DA:54,21
DA:55,21
DA:56,21
DA:57,21
DA:58,21
DA:59,21
DA:60,21
DA:61,21
DA:62,21
DA:63,21
DA:64,21
DA:65,21
DA:66,21
DA:67,21
DA:68,21
DA:69,21
DA:70,21
DA:71,21
DA:72,21
DA:73,21
DA:74,21
DA:75,21
DA:76,21
DA:77,21
DA:78,21
DA:79,21
DA:80,21
DA:81,21
DA:82,21
DA:83,21
DA:84,21
DA:85,21
DA:86,21
DA:87,21
DA:88,21
DA:89,21
DA:90,21
DA:91,21
DA:92,22
DA:93,21
DA:94,21
DA:95,21
DA:96,21
DA:97,21
DA:98,21
DA:99,21
DA:100,21
DA:101,21
DA:102,21
DA:103,21
DA:104,21
DA:105,21
DA:106,21
DA:107,21
DA:108,21
DA:109,21
DA:110,21
DA:111,21
DA:112,21
DA:113,21
DA:114,21
DA:115,21
DA:116,21
DA:117,21
DA:118,21
DA:119,21
DA:120,21
DA:121,21
DA:122,21
DA:123,21
DA:124,21
DA:125,21
DA:126,21
DA:127,21
DA:128,21
DA:129,21
DA:130,21
DA:131,21
DA:132,21
DA:133,21
DA:134,21
DA:135,21
DA:136,21
DA:137,21
DA:138,1
DA:139,1
LF:139
LH:139
BRDA:139,0,0,10
BRDA:11,1,0,21
BRDA:12,2,0,41
BRDA:13,3,0,41
BRDA:15,4,0,9
BRDA:22,5,0,1
BRDA:24,6,0,0
BRDA:29,7,0,1
BRDA:91,8,0,22
BRDA:101,9,0,20
BRDA:101,10,0,2
BRF:11
BRH:10
end_of_record
TN:
SF:src/components/add/addStep5.jsx
FN:30,get
FN:9,AddStep5
FNF:2
FNH:2
FNDA:9,get
FNDA:24,AddStep5
DA:1,1
DA:2,1
DA:3,1
DA:4,1
DA:5,1
DA:6,1
DA:7,1
DA:8,1
DA:9,24
DA:10,24
DA:11,24
DA:12,24
DA:13,24
DA:14,24
DA:15,24
DA:16,24
DA:17,24
DA:18,24
DA:19,24
DA:20,24
DA:21,24
DA:22,24
DA:23,24
DA:24,24
DA:25,24
DA:26,24
DA:27,24
DA:28,24
DA:29,1
DA:30,1
LF:30
LH:30
BRDA:30,0,0,9
BRDA:9,1,0,24
BRDA:21,2,0,9
BRDA:22,3,0,7
BRDA:23,4,0,3
BRDA:24,5,0,4
BRDA:10,6,0,37
BRF:7
BRH:7
end_of_record
TN:
SF:src/components/add/addStep5ErrorMsg .jsx
FN:33,get
FN:4,AddStep5ErrorMsg
FNF:2
FNH:2
FNDA:3,get
FNDA:3,AddStep5ErrorMsg
DA:1,1
DA:2,1
DA:3,1
DA:4,3
DA:5,3
DA:6,3
DA:7,3
DA:8,3
DA:9,3
DA:10,3
DA:11,3
DA:12,3
DA:13,3
DA:14,3
DA:15,3
DA:16,3
DA:17,3
DA:18,3
DA:19,3
DA:20,3
DA:21,3
DA:22,3
DA:23,3
DA:24,3
DA:25,3
DA:26,3
DA:27,3
DA:28,3
DA:29,3
DA:30,3
DA:31,3
DA:32,1
DA:33,1
LF:33
LH:33
BRDA:33,0,0,3
BRDA:4,1,0,3
BRF:2
BRH:2
end_of_record
TN:
SF:src/components/add/addStep5FinalMsg.jsx
FN:44,get
FN:5,AddStep5FinalMsg
FNF:2
FNH:2
FNDA:9,get
FNDA:9,AddStep5FinalMsg
DA:1,1
DA:2,1
DA:3,1
DA:4,1
DA:5,9
DA:6,9
DA:7,9
DA:8,9
DA:9,9
DA:10,9
DA:11,9
DA:12,9
DA:13,9
DA:14,9
DA:15,9
DA:16,9
DA:17,9
DA:18,9
DA:19,9
DA:20,9
DA:21,9
DA:22,9
DA:23,9
DA:24,9
DA:25,9
DA:26,9
DA:27,9
DA:28,9
DA:29,9
DA:30,9
DA:31,9
DA:32,9
DA:33,9
DA:34,9
DA:35,9
DA:36,9
DA:37,9
DA:38,9
DA:39,9
DA:40,9
DA:41,9
DA:42,9
DA:43,1
DA:44,1
LF:44
LH:44
BRDA:44,0,0,9
BRDA:5,1,0,9
BRF:2
BRH:2
end_of_record
TN:
SF:src/components/add/addStep5SuccessMsg.jsx
FN:33,get
FN:4,AddStep5SuccessMsg
FNF:2
FNH:2
FNDA:4,get
FNDA:4,AddStep5SuccessMsg
DA:1,1
DA:2,1
DA:3,1
DA:4,4
DA:5,4
DA:6,4
DA:7,4
DA:8,4
DA:9,4
DA:10,4
DA:11,4
DA:12,4
DA:13,4
DA:14,4
DA:15,4
DA:16,4
DA:17,4
DA:18,4
DA:19,4
DA:20,4
DA:21,4
DA:22,4
DA:23,4
DA:24,4
DA:25,4
DA:26,4
DA:27,4
DA:28,4
DA:29,4
DA:30,4
DA:31,4
DA:32,1
DA:33,1
LF:33
LH:33
BRDA:33,0,0,4
BRDA:4,1,0,4
BRF:2
BRH:2
end_of_record
TN:
SF:src/components/edit/editErrorInput.jsx
FN:34,get
FN:4,EditErrorInput
FNF:2
FNH:0
FNDA:0,get
FNDA:0,EditErrorInput
DA:1,1
DA:2,1
DA:3,1
DA:4,0
DA:5,0
DA:6,0
DA:7,0
DA:8,0
DA:9,0
DA:10,0
DA:11,0
DA:12,0
DA:13,0
DA:14,0
DA:15,0
DA:16,0
DA:17,0
DA:18,0
DA:19,0
DA:20,0
DA:21,0
DA:22,0
DA:23,0
DA:24,0
DA:25,0
DA:26,0
DA:27,0
DA:28,0
DA:29,0
DA:30,0
DA:31,0
DA:32,0
DA:33,1
DA:34,1
LF:34
LH:5
BRF:0
BRH:0
end_of_record
TN:
SF:src/components/edit/editErrorMsg.jsx
FN:34,get
FN:4,EditErrorMsg
FNF:2
FNH:2
FNDA:1,get
FNDA:1,EditErrorMsg
DA:1,1
DA:2,1
DA:3,1
DA:4,1
DA:5,1
DA:6,1
DA:7,1
DA:8,1
DA:9,1
DA:10,1
DA:11,1
DA:12,1
DA:13,1
DA:14,1
DA:15,1
DA:16,1
DA:17,1
DA:18,1
DA:19,1
DA:20,1
DA:21,1
DA:22,1
DA:23,1
DA:24,1
DA:25,1
DA:26,1
DA:27,1
DA:28,1
DA:29,1
DA:30,1
DA:31,1
DA:32,1
DA:33,1
DA:34,1
LF:34
LH:34
BRDA:34,0,0,1
BRDA:4,1,0,1
BRF:2
BRH:2
end_of_record
TN:
SF:src/components/edit/editMaterial.jsx
FN:134,get
FN:9,EditMaterial
FN:13,handleMaterialInput
FN:20,handleEditAddMaterialButton
FN:29,handleDeleteMaterial
FNF:5
FNH:4
FNDA:17,get
FNDA:36,EditMaterial
FNDA:0,handleMaterialInput
FNDA:29,handleEditAddMaterialButton
FNDA:1,handleDeleteMaterial
DA:1,1
DA:2,1
DA:3,1
DA:4,1
DA:5,1
DA:6,1
DA:7,1
DA:8,1
DA:9,36
DA:10,36
DA:11,36
DA:12,36
DA:13,36
DA:14,0
DA:15,0
DA:16,0
DA:17,0
DA:18,36
DA:19,36
DA:20,36
DA:21,29
DA:22,29
DA:23,17
DA:24,17
DA:25,17
DA:26,17
DA:27,36
DA:28,36
DA:29,36
DA:30,1
DA:31,1
DA:32,1
DA:33,1
DA:34,36
DA:35,36
DA:36,36
DA:37,36
DA:38,36
DA:39,36
DA:40,36
DA:41,36
DA:42,36
DA:43,36
DA:44,36
DA:45,36
DA:46,36
DA:47,36
DA:48,36
DA:49,36
DA:50,36
DA:51,36
DA:52,36
DA:53,36
DA:54,36
DA:55,36
DA:56,36
DA:57,36
DA:58,36
DA:59,36
DA:60,36
DA:61,36
DA:62,36
DA:63,36
DA:64,36
DA:65,36
DA:66,36
DA:67,36
DA:68,36
DA:69,36
DA:70,36
DA:71,36
DA:72,36
DA:73,36
DA:74,36
DA:75,36
DA:76,36
DA:77,36
DA:78,36
DA:79,36
DA:80,36
DA:81,36
DA:82,36
DA:83,36
DA:84,36
DA:85,36
DA:86,36
DA:87,505
DA:88,36
DA:89,36
DA:90,36
DA:91,36
DA:92,36
DA:93,36
DA:94,36
DA:95,36
DA:96,36
DA:97,36
DA:98,36
DA:99,36
DA:100,36
DA:101,36
DA:102,36
DA:103,36
DA:104,36
DA:105,36
DA:106,36
DA:107,36
DA:108,36
DA:109,36
DA:110,36
DA:111,36
DA:112,36
DA:113,36
DA:114,36
DA:115,36
DA:116,36
DA:117,36
DA:118,36
DA:119,36
DA:120,36
DA:121,36
DA:122,36
DA:123,36
DA:124,36
DA:125,36
DA:126,36
DA:127,36
DA:128,36
DA:129,36
DA:130,36
DA:131,36
DA:132,36
DA:133,1
DA:134,1
LF:134
LH:130
BRDA:134,0,0,17
BRDA:9,1,0,36
BRDA:10,2,0,82
BRDA:11,3,0,82
BRDA:20,4,0,29
BRDA:22,5,0,12
BRDA:23,6,0,17
BRDA:29,7,0,1
BRDA:86,8,0,505
BRDA:96,9,0,0
BRF:10
BRH:9
end_of_record
TN:
SF:src/components/edit/editMsg.jsx
FN:26,get
FN:9,EditMsg
FNF:2
FNH:2
FNDA:17,get
FNDA:25,EditMsg
DA:1,1
DA:2,1
DA:3,1
DA:4,1
DA:5,1
DA:6,1
DA:7,1
DA:8,1
DA:9,25
DA:10,25
DA:11,25
DA:12,25
DA:13,25
DA:14,25
DA:15,25
DA:16,25
DA:17,25
DA:18,25
DA:19,25
DA:20,25
DA:21,25
DA:22,25
DA:23,25
DA:24,25
DA:25,1
DA:26,1
LF:26
LH:26
BRDA:26,0,0,17
BRDA:9,1,0,25
BRDA:17,2,0,4
BRDA:18,3,0,3
BRDA:19,4,0,1
BRDA:20,5,0,0
BRDA:10,6,0,71
BRF:7
BRH:6
end_of_record
TN:
SF:src/components/edit/editNaming.jsx
FN:204,get
FN:9,EditNaming
FN:13,textInputHandle
FN:43,selectInputHandle
FN:58,fileInputHandle
FN:98,onChange
FN:107,onChange
FN:117,onChange
FN:132,onChange
FN:145,onChange
FN:157,onChange
FN:169,onChange
FN:181,onChange
FNF:13
FNH:4
FNDA:17,get
FNDA:36,EditNaming
FNDA:1,textInputHandle
FNDA:0,selectInputHandle
FNDA:0,fileInputHandle
FNDA:1,onChange
FNDA:0,onChange
FNDA:0,onChange
FNDA:0,onChange
FNDA:0,onChange
FNDA:0,onChange
FNDA:0,onChange
FNDA:0,onChange
DA:1,1
DA:2,1
DA:3,1
DA:4,1
DA:5,1
DA:6,1
DA:7,1
DA:8,1
DA:9,36
DA:10,36
DA:11,36
DA:12,36
DA:13,36
DA:14,1
DA:15,1
DA:16,1
DA:17,1
DA:18,1
DA:19,0
DA:20,0
DA:21,0
DA:22,1
DA:23,0
DA:24,0
DA:25,1
DA:26,1
DA:27,0
DA:28,0
DA:29,1
DA:30,1
DA:31,0
DA:32,0
DA:33,1
DA:34,1
DA:35,0
DA:36,0
DA:37,1
DA:38,1
DA:39,0
DA:40,1
DA:41,36
DA:42,36
DA:43,36
DA:44,0
DA:45,0
DA:46,0
DA:47,0
DA:48,0
DA:49,0
DA:50,0
DA:51,0
DA:52,0
DA:53,0
DA:54,0
DA:55,0
DA:56,36
DA:57,36
DA:58,36
DA:59,0
DA:60,36
DA:61,36
DA:62,36
DA:63,36
DA:64,36
DA:65,36
DA:66,36
DA:67,36
DA:68,36
DA:69,36
DA:70,36
DA:71,36
DA:72,36
DA:73,36
DA:74,36
DA:75,36
DA:76,36
DA:77,36
DA:78,36
DA:79,36
DA:80,36
DA:81,36
DA:82,36
DA:83,36
DA:84,36
DA:85,36
DA:86,36
DA:87,36
DA:88,36
DA:89,36
DA:90,36
DA:91,36
DA:92,36
DA:93,36
DA:94,36
DA:95,36
DA:96,36
DA:97,36
DA:98,36
DA:99,36
DA:100,36
DA:101,36
DA:102,36
DA:103,36
DA:104,36
DA:105,36
DA:106,36
DA:107,36
DA:108,36
DA:109,36
DA:110,36
DA:111,36
DA:112,36
DA:113,36
DA:114,36
DA:115,36
DA:116,36
DA:117,36
DA:118,36
DA:119,36
DA:120,36
DA:121,36
DA:122,36
DA:123,36
DA:124,36
DA:125,36
DA:126,36
DA:127,36
DA:128,36
DA:129,36
DA:130,36
DA:131,36
DA:132,36
DA:133,36
DA:134,36
DA:135,36
DA:136,36
DA:137,36
DA:138,36
DA:139,36
DA:140,36
DA:141,36
DA:142,36
DA:143,36
DA:144,36
DA:145,36
DA:146,36
DA:147,36
DA:148,36
DA:149,36
DA:150,36
DA:151,36
DA:152,36
DA:153,36
DA:154,36
DA:155,36
DA:156,36
DA:157,36
DA:158,36
DA:159,36
DA:160,36
DA:161,36
DA:162,36
DA:163,36
DA:164,36
DA:165,36
DA:166,36
DA:167,36
DA:168,36
DA:169,36
DA:170,36
DA:171,36
DA:172,36
DA:173,36
DA:174,36
DA:175,36
DA:176,36
DA:177,36
DA:178,36
DA:179,36
DA:180,36
DA:181,36
DA:182,36
DA:183,36
DA:184,36
DA:185,36
DA:186,36
DA:187,36
DA:188,36
DA:189,36
DA:190,36
DA:191,36
DA:192,36
DA:193,36
DA:194,36
DA:195,36
DA:196,36
DA:197,36
DA:198,36
DA:199,36
DA:200,36
DA:201,36
DA:202,36
DA:203,1
DA:204,1
LF:204
LH:179
BRDA:204,0,0,17
BRDA:9,1,0,36
BRDA:10,2,0,82
BRDA:11,3,0,82
BRDA:13,4,0,1
BRDA:18,5,0,0
BRDA:22,6,0,0
BRDA:26,7,0,0
BRDA:30,8,0,0
BRDA:34,9,0,0
BRDA:38,10,0,0
BRDA:98,11,0,1
BRDA:122,12,0,252
BRF:13
BRH:7
end_of_record
TN:
SF:src/components/edit/editRecipeButtons.jsx
FN:76,get
FN:9,EditRecipeButtons
FN:16,editButtonHandle
FN:22,cancelButtonHandle
FN:29,isButtonsDisabled
FN:70,event
FNF:6
FNH:5
FNDA:17,get
FNDA:25,EditRecipeButtons
FNDA:5,editButtonHandle
FNDA:2,cancelButtonHandle
FNDA:50,isButtonsDisabled
FNDA:0,event
DA:1,1
DA:2,1
DA:3,1
DA:4,1
DA:5,1
DA:6,1
DA:7,1
DA:8,1
DA:9,25
DA:10,25
DA:11,25
DA:12,25
DA:13,25
DA:14,25
DA:15,25
DA:16,25
DA:17,5
DA:18,4
DA:19,4
DA:20,25
DA:21,25
DA:22,25
DA:23,2
DA:24,2
DA:25,2
DA:26,2
DA:27,25
DA:28,25
DA:29,25
DA:30,25
DA:31,25
DA:32,25
DA:33,25
DA:34,25
DA:35,25
DA:36,25
DA:37,25
DA:38,25
DA:39,25
DA:40,25
DA:41,25
DA:42,25
DA:43,25
DA:44,25
DA:45,25
DA:46,25
DA:47,25
DA:48,25
DA:49,25
DA:50,25
DA:51,25
DA:52,25
DA:53,25
DA:54,25
DA:55,25
DA:56,25
DA:57,25
DA:58,25
DA:59,25
DA:60,25
DA:61,25
DA:62,25
DA:63,25
DA:64,25
DA:65,25
DA:66,25
DA:67,25
DA:68,25
DA:69,25
DA:70,25
DA:71,25
DA:72,25
DA:73,25
DA:74,25
DA:75,1
DA:76,1
LF:76
LH:76
BRDA:76,0,0,17
BRDA:9,1,0,25
BRDA:10,2,0,71
BRDA:11,3,0,71
BRDA:12,4,0,71
BRDA:13,5,0,71
BRDA:14,6,0,71
BRDA:16,7,0,5
BRDA:17,8,0,4
BRDA:22,9,0,2
BRDA:29,10,0,50
BRF:11
BRH:11
end_of_record
TN:
SF:src/components/edit/editStep.jsx
FN:130,get
FN:10,EditStep
FN:14,handleStepInput
FN:21,handleAddStepButton
FN:28,handleDeleteStep
FNF:5
FNH:2
FNDA:17,get
FNDA:36,EditStep
FNDA:0,handleStepInput
FNDA:0,handleAddStepButton
FNDA:0,handleDeleteStep
DA:1,1
DA:2,1
DA:3,1
DA:4,1
DA:5,1
DA:6,1
DA:7,1
DA:8,1
DA:9,1
DA:10,36
DA:11,36
DA:12,36
DA:13,36
DA:14,36
DA:15,0
DA:16,0
DA:17,0
DA:18,0
DA:19,36
DA:20,36
DA:21,36
DA:22,0
DA:23,0
DA:24,0
DA:25,0
DA:26,36
DA:27,36
DA:28,36
DA:29,0
DA:30,0
DA:31,0
DA:32,0
DA:33,36
DA:34,36
DA:35,36
DA:36,36
DA:37,36
DA:38,36
DA:39,36
DA:40,36
DA:41,36
DA:42,36
DA:43,36
DA:44,36
DA:45,36
DA:46,36
DA:47,36
DA:48,36
DA:49,36
DA:50,36
DA:51,36
DA:52,36
DA:53,36
DA:54,36
DA:55,36
DA:56,36
DA:57,36
DA:58,36
DA:59,36
DA:60,36
DA:61,36
DA:62,36
DA:63,36
DA:64,36
DA:65,36
DA:66,36
DA:67,36
DA:68,36
DA:69,36
DA:70,36
DA:71,36
DA:72,36
DA:73,36
DA:74,36
DA:75,36
DA:76,36
DA:77,36
DA:78,36
DA:79,36
DA:80,36
DA:81,36
DA:82,36
DA:83,108
DA:84,36
DA:85,36
DA:86,36
DA:87,36
DA:88,36
DA:89,36
DA:90,36
DA:91,36
DA:92,36
DA:93,36
DA:94,36
DA:95,36
DA:96,36
DA:97,36
DA:98,36
DA:99,36
DA:100,36
DA:101,36
DA:102,36
DA:103,36
DA:104,36
DA:105,36
DA:106,36
DA:107,36
DA:108,36
DA:109,36
DA:110,36
DA:111,36
DA:112,36
DA:113,36
DA:114,36
DA:115,36
DA:116,36
DA:117,36
DA:118,36
DA:119,36
DA:120,36
DA:121,36
DA:122,36
DA:123,36
DA:124,36
DA:125,36
DA:126,36
DA:127,36
DA:128,36
DA:129,1
DA:130,1
LF:130
LH:118
BRDA:130,0,0,17
BRDA:10,1,0,36
BRDA:11,2,0,82
BRDA:12,3,0,82
BRDA:82,4,0,108
BRDA:92,5,0,0
BRF:6
BRH:5
end_of_record
TN:
SF:src/components/edit/editSuccessMsg.jsx
FN:33,get
FN:4,EditSuccessMsg
FNF:2
FNH:2
FNDA:3,get
FNDA:3,EditSuccessMsg
DA:1,1
DA:2,1
DA:3,1
DA:4,3
DA:5,3
DA:6,3
DA:7,3
DA:8,3
DA:9,3
DA:10,3
DA:11,3
DA:12,3
DA:13,3
DA:14,3
DA:15,3
DA:16,3
DA:17,3
DA:18,3
DA:19,3
DA:20,3
DA:21,3
DA:22,3
DA:23,3
DA:24,3
DA:25,3
DA:26,3
DA:27,3
DA:28,3
DA:29,3
DA:30,3
DA:31,3
DA:32,1
DA:33,1
LF:33
LH:33
BRDA:33,0,0,3
BRDA:4,1,0,3
BRF:2
BRH:2
end_of_record
TN:
SF:src/components/edit/editTip.jsx
FN:129,get
FN:9,EditTip
FN:13,handleTipInput
FN:20,handleAddTipButton
FN:27,handleDeleteTip
FNF:5
FNH:2
FNDA:17,get
FNDA:36,EditTip
FNDA:0,handleTipInput
FNDA:0,handleAddTipButton
FNDA:0,handleDeleteTip
DA:1,1
DA:2,1
DA:3,1
DA:4,1
DA:5,1
DA:6,1
DA:7,1
DA:8,1
DA:9,36
DA:10,36
DA:11,36
DA:12,36
DA:13,36
DA:14,0
DA:15,0
DA:16,0
DA:17,0
DA:18,36
DA:19,36
DA:20,36
DA:21,0
DA:22,0
DA:23,0
DA:24,0
DA:25,36
DA:26,36
DA:27,36
DA:28,0
DA:29,0
DA:30,0
DA:31,0
DA:32,36
DA:33,36
DA:34,36
DA:35,36
DA:36,36
DA:37,36
DA:38,36
DA:39,36
DA:40,36
DA:41,36
DA:42,36
DA:43,36
DA:44,36
DA:45,36
DA:46,36
DA:47,36
DA:48,36
DA:49,36
DA:50,36
DA:51,36
DA:52,36
DA:53,36
DA:54,36
DA:55,36
DA:56,36
DA:57,36
DA:58,36
DA:59,36
DA:60,36
DA:61,36
DA:62,36
DA:63,36
DA:64,36
DA:65,36
DA:66,36
DA:67,36
DA:68,36
DA:69,36
DA:70,36
DA:71,36
DA:72,36
DA:73,36
DA:74,36
DA:75,36
DA:76,36
DA:77,36
DA:78,36
DA:79,36
DA:80,36
DA:81,36
DA:82,36
DA:83,36
DA:84,36
DA:85,36
DA:86,36
DA:87,36
DA:88,36
DA:89,36
DA:90,36
DA:91,36
DA:92,36
DA:93,36
DA:94,36
DA:95,36
DA:96,36
DA:97,36
DA:98,36
DA:99,36
DA:100,36
DA:101,36
DA:102,36
DA:103,36
DA:104,36
DA:105,36
DA:106,36
DA:107,36
DA:108,36
DA:109,36
DA:110,36
DA:111,36
DA:112,36
DA:113,36
DA:114,36
DA:115,36
DA:116,36
DA:117,36
DA:118,36
DA:119,36
DA:120,36
DA:121,36
DA:122,36
DA:123,36
DA:124,36
DA:125,36
DA:126,36
DA:127,36
DA:128,1
DA:129,1
LF:129
LH:117
BRDA:129,0,0,17
BRDA:9,1,0,36
BRDA:10,2,0,82
BRDA:11,3,0,82
BRDA:81,4,0,36
BRDA:91,5,0,0
BRF:6
BRH:5
end_of_record
TN:
SF:src/components/footer/footer.jsx
FN:38,get
FN:6,Footer
FNF:2
FNH:2
FNDA:298,get
FNDA:298,Footer
DA:1,1
DA:2,1
DA:3,1
DA:4,1
DA:5,1
DA:6,298
DA:7,298
DA:8,298
DA:9,298
DA:10,298
DA:11,298
DA:12,298
DA:13,298
DA:14,298
DA:15,298
DA:16,298
DA:17,298
DA:18,298
DA:19,298
DA:20,298
DA:21,298
DA:22,298
DA:23,298
DA:24,298
DA:25,298
DA:26,298
DA:27,298
DA:28,298
DA:29,298
DA:30,298
DA:31,298
DA:32,298
DA:33,298
DA:34,298
DA:35,298
DA:36,298
DA:37,1
DA:38,1
LF:38
LH:38
BRDA:38,0,0,298
BRDA:6,1,0,298
BRF:2
BRH:2
end_of_record
TN:
SF:src/components/footer/footerSocial.jsx
FN:42,get
FN:7,FooterSocial
FN:17,handleDirect
FN:35,event
FN:36,event
FN:37,event
FNF:6
FNH:2
FNDA:298,get
FNDA:298,FooterSocial
FNDA:0,handleDirect
FNDA:0,event
FNDA:0,event
FNDA:0,event
DA:1,1
DA:2,1
DA:3,1
DA:4,1
DA:5,1
DA:6,1
DA:7,298
DA:8,298
DA:9,298
DA:10,298
DA:11,298
DA:12,298
DA:13,298
DA:14,298
DA:15,298
DA:16,298
DA:17,298
DA:18,0
DA:19,298
DA:20,298
DA:21,298
DA:22,298
DA:23,298
DA:24,298
DA:25,298
DA:26,298
DA:27,298
DA:28,298
DA:29,298
DA:30,298
DA:31,298
DA:32,298
DA:33,298
DA:34,298
DA:35,298
DA:36,298
DA:37,298
DA:38,298
DA:39,298
DA:40,298
DA:41,1
DA:42,1
LF:42
LH:41
BRDA:42,0,0,298
BRDA:7,1,0,298
BRF:2
BRH:2
end_of_record
TN:
SF:src/components/global/loader.jsx
FN:41,get
FN:5,Loader
FNF:2
FNH:2
FNDA:111,get
FNDA:111,Loader
DA:1,1
DA:2,1
DA:3,1
DA:4,1
DA:5,111
DA:6,111
DA:7,111
DA:8,111
DA:9,111
DA:10,111
DA:11,111
DA:12,111
DA:13,111
DA:14,111
DA:15,111
DA:16,111
DA:17,111
DA:18,111
DA:19,111
DA:20,111
DA:21,111
DA:22,111
DA:23,111
DA:24,111
DA:25,111
DA:26,111
DA:27,111
DA:28,111
DA:29,111
DA:30,111
DA:31,111
DA:32,111
DA:33,111
DA:34,111
DA:35,111
DA:36,111
DA:37,111
DA:38,111
DA:39,111
DA:40,1
DA:41,1
LF:41
LH:41
BRDA:41,0,0,111
BRDA:5,1,0,111
BRF:2
BRH:2
end_of_record
TN:
SF:src/components/global/recipeCard.jsx
FN:194,get
FN:9,RecipeCard
FN:31,handleCardClick
FNF:3
FNH:3
FNDA:987,get
FNDA:933,RecipeCard
FNDA:26,handleCardClick
DA:1,1
DA:2,1
DA:3,1
DA:4,1
DA:5,1
DA:6,1
DA:7,1
DA:8,1
DA:9,933
DA:10,933
DA:11,933
DA:12,933
DA:13,933
DA:14,933
DA:15,933
DA:16,933
DA:17,933
DA:18,933
DA:19,933
DA:20,933
DA:21,710
DA:22,710
DA:23,710
DA:24,710
DA:25,0
DA:26,0
DA:27,0
DA:28,0
DA:29,710
DA:30,924
DA:31,924
DA:32,26
DA:33,2
DA:34,2
DA:35,26
DA:36,24
DA:37,24
DA:38,24
DA:39,24
DA:40,924
DA:41,924
DA:42,924
DA:43,924
DA:44,924
DA:45,924
DA:46,924
DA:47,924
DA:48,924
DA:49,924
DA:50,924
DA:51,924
DA:52,924
DA:53,924
DA:54,924
DA:55,924
DA:56,924
DA:57,924
DA:58,924
DA:59,924
DA:60,924
DA:61,924
DA:62,924
DA:63,924
DA:64,924
DA:65,924
DA:66,924
DA:67,924
DA:68,924
DA:69,924
DA:70,924
DA:71,924
DA:72,924
DA:73,924
DA:74,924
DA:75,924
DA:76,924
DA:77,924
DA:78,924
DA:79,924
DA:80,924
DA:81,924
DA:82,924
DA:83,924
DA:84,924
DA:85,924
DA:86,924
DA:87,924
DA:88,924
DA:89,924
DA:90,924
DA:91,924
DA:92,924
DA:93,924
DA:94,924
DA:95,924
DA:96,924
DA:97,924
DA:98,924
DA:99,924
DA:100,924
DA:101,924
DA:102,924
DA:103,924
DA:104,924
DA:105,924
DA:106,924
DA:107,924
DA:108,924
DA:109,924
DA:110,924
DA:111,924
DA:112,924
DA:113,924
DA:114,924
DA:115,924
DA:116,924
DA:117,924
DA:118,924
DA:119,924
DA:120,924
DA:121,924
DA:122,924
DA:123,924
DA:124,924
DA:125,924
DA:126,710
DA:127,710
DA:128,710
DA:129,710
DA:130,710
DA:131,710
DA:132,710
DA:133,710
DA:134,710
DA:135,710
DA:136,710
DA:137,710
DA:138,933
DA:139,933
DA:140,214
DA:141,214
DA:142,214
DA:143,214
DA:144,214
DA:145,214
DA:146,214
DA:147,933
DA:148,933
DA:149,933
DA:150,933
DA:151,933
DA:152,933
DA:153,710
DA:154,710
DA:155,710
DA:156,710
DA:157,710
DA:158,710
DA:159,710
DA:160,710
DA:161,710
DA:162,710
DA:163,710
DA:164,710
DA:165,710
DA:166,710
DA:167,710
DA:168,710
DA:169,710
DA:170,710
DA:171,710
DA:172,710
DA:173,710
DA:174,710
DA:175,710
DA:176,710
DA:177,710
DA:178,710
DA:179,710
DA:180,710
DA:181,710
DA:182,710
DA:183,710
DA:184,710
DA:185,710
DA:186,710
DA:187,710
DA:188,933
DA:189,933
DA:190,933
DA:191,933
DA:192,933
DA:193,1
DA:194,1
LF:194
LH:190
BRDA:194,0,0,987
BRDA:9,1,0,933
BRDA:20,2,0,710
BRDA:24,3,0,0
BRDA:30,4,0,932
BRDA:30,5,0,924
BRDA:125,6,0,710
BRDA:139,7,0,214
BRDA:152,8,0,710
BRDA:14,9,0,2681
BRDA:15,10,0,2681
BRDA:16,11,0,2681
BRDA:17,12,0,2681
BRDA:31,13,0,26
BRDA:32,14,0,2
BRDA:35,15,0,24
BRF:16
BRH:15
end_of_record
TN:
SF:src/components/head/breadcrumbs.jsx
FN:86,get
FN:10,BreadCrumbs
FN:14,handleTheme
FNF:3
FNH:3
FNDA:310,get
FNDA:315,BreadCrumbs
FNDA:3,handleTheme
DA:1,1
DA:2,1
DA:3,1
DA:4,1
DA:5,1
DA:6,1
DA:7,1
DA:8,1
DA:9,1
DA:10,315
DA:11,315
DA:12,315
DA:13,315
DA:14,315
DA:15,3
DA:16,3
DA:17,315
DA:18,315
DA:19,315
DA:20,315
DA:21,315
DA:22,315
DA:23,315
DA:24,315
DA:25,315
DA:26,315
DA:27,315
DA:28,315
DA:29,315
DA:30,315
DA:31,315
DA:32,315
DA:33,315
DA:34,315
DA:35,315
DA:36,315
DA:37,315
DA:38,315
DA:39,315
DA:40,402
DA:41,402
DA:42,402
DA:43,315
DA:44,315
DA:45,315
DA:46,315
DA:47,315
DA:48,315
DA:49,315
DA:50,315
DA:51,315
DA:52,315
DA:53,315
DA:54,315
DA:55,315
DA:56,315
DA:57,315
DA:58,315
DA:59,315
DA:60,315
DA:61,315
DA:62,315
DA:63,315
DA:64,315
DA:65,315
DA:66,315
DA:67,315
DA:68,315
DA:69,315
DA:70,315
DA:71,315
DA:72,315
DA:73,315
DA:74,315
DA:75,315
DA:76,315
DA:77,315
DA:78,315
DA:79,315
DA:80,315
DA:81,315
DA:82,315
DA:83,315
DA:84,315
DA:85,1
DA:86,1
LF:86
LH:86
BRDA:86,0,0,310
BRDA:10,1,0,315
BRDA:79,2,0,306
BRDA:80,3,0,2
BRDA:11,4,0,1054
BRDA:12,5,0,1054
BRDA:14,6,0,3
BRDA:15,7,0,2
BRDA:15,8,0,1
BRDA:16,9,0,3
BRDA:39,10,0,402
BRDA:48,11,0,399
BRDA:48,12,0,3
BRDA:56,13,0,94
BRDA:57,14,0,308
BRF:15
BRH:15
end_of_record
TN:
SF:src/components/head/head.jsx
FN:20,get
FN:6,Head
FNF:2
FNH:2
FNDA:302,get
FNDA:310,Head
DA:1,1
DA:2,1
DA:3,1
DA:4,1
DA:5,1
DA:6,310
DA:7,310
DA:8,310
DA:9,310
DA:10,310
DA:11,310
DA:12,310
DA:13,310
DA:14,310
DA:15,310
DA:16,310
DA:17,310
DA:18,310
DA:19,1
DA:20,1
LF:20
LH:20
BRDA:20,0,0,302
BRDA:6,1,0,310
BRF:2
BRH:2
end_of_record
TN:
SF:src/components/head/header.jsx
FN:133,get
FN:12,Header
FN:18,handleInputChange
FN:21,handleMenuHam
FN:31,handleSearchStart
FN:47,handleNavigation
FN:115,event
FNF:7
FNH:7
FNDA:313,get
FNDA:324,Header
FNDA:5,handleInputChange
FNDA:5,handleMenuHam
FNDA:6,handleSearchStart
FNDA:15,handleNavigation
FNDA:3,event
DA:1,1
DA:2,1
DA:3,1
DA:4,1
DA:5,1
DA:6,1
DA:7,1
DA:8,1
DA:9,1
DA:10,1
DA:11,1
DA:12,324
DA:13,324
DA:14,324
DA:15,324
DA:16,324
DA:17,324
DA:18,324
DA:19,5
DA:20,324
DA:21,324
DA:22,5
DA:23,2
DA:24,2
DA:25,2
DA:26,2
DA:27,5
DA:28,3
DA:29,3
DA:30,324
DA:31,324
DA:32,6
DA:33,6
DA:34,5
DA:35,5
DA:36,5
DA:37,5
DA:38,5
DA:39,6
DA:40,1
DA:41,1
DA:42,1
DA:43,1
DA:44,1
DA:45,6
DA:46,324
DA:47,324
DA:48,15
DA:49,1
DA:50,1
DA:51,15
DA:52,324
DA:53,324
DA:54,324
DA:55,324
DA:56,324
DA:57,324
DA:58,324
DA:59,324
DA:60,324
DA:61,324
DA:62,324
DA:63,324
DA:64,324
DA:65,324
DA:66,324
DA:67,324
DA:68,324
DA:69,324
DA:70,324
DA:71,324
DA:72,324
DA:73,324
DA:74,324
DA:75,324
DA:76,324
DA:77,324
DA:78,324
DA:79,324
DA:80,324
DA:81,324
DA:82,324
DA:83,324
DA:84,324
DA:85,324
DA:86,324
DA:87,324
DA:88,324
DA:89,324
DA:90,324
DA:91,324
DA:92,324
DA:93,324
DA:94,324
DA:95,324
DA:96,324
DA:97,324
DA:98,324
DA:99,324
DA:100,324
DA:101,324
DA:102,324
DA:103,324
DA:104,324
DA:105,324
DA:106,324
DA:107,324
DA:108,324
DA:109,324
DA:110,324
DA:111,324
DA:112,324
DA:113,324
DA:114,324
DA:115,324
DA:116,324
DA:117,324
DA:118,4
DA:119,4
DA:120,4
DA:121,4
DA:122,4
DA:123,4
DA:124,4
DA:125,4
DA:126,4
DA:127,324
DA:128,324
DA:129,324
DA:130,324
DA:131,324
DA:132,1
DA:133,1
LF:133
LH:133
BRDA:133,0,0,313
BRDA:12,1,0,324
BRDA:118,2,0,4
BRDA:13,3,0,1080
BRDA:14,4,0,1080
BRDA:18,5,0,5
BRDA:21,6,0,5
BRDA:22,7,0,2
BRDA:27,8,0,3
BRDA:24,9,0,2
BRDA:31,10,0,6
BRDA:32,11,0,5
BRDA:33,12,0,5
BRDA:34,13,0,0
BRDA:39,14,0,1
BRDA:36,15,0,5
BRDA:41,16,0,1
BRDA:47,17,0,15
BRDA:48,18,0,1
BRDA:115,19,0,3
BRF:20
BRH:19
end_of_record
TN:
SF:src/components/head/navbar.jsx
FN:104,get
FN:11,Navbar
FN:56,event
FNF:3
FNH:3
FNDA:4,get
FNDA:4,Navbar
FNDA:1,event
DA:1,1
DA:2,1
DA:3,1
DA:4,1
DA:5,1
DA:6,1
DA:7,1
DA:8,1
DA:9,1
DA:10,1
DA:11,4
DA:12,4
DA:13,4
DA:14,4
DA:15,4
DA:16,4
DA:17,4
DA:18,4
DA:19,4
DA:20,4
DA:21,4
DA:22,4
DA:23,4
DA:24,4
DA:25,4
DA:26,4
DA:27,4
DA:28,4
DA:29,4
DA:30,4
DA:31,4
DA:32,4
DA:33,4
DA:34,4
DA:35,4
DA:36,4
DA:37,4
DA:38,4
DA:39,4
DA:40,4
DA:41,4
DA:42,4
DA:43,4
DA:44,4
DA:45,4
DA:46,4
DA:47,4
DA:48,4
DA:49,4
DA:50,4
DA:51,4
DA:52,4
DA:53,4
DA:54,4
DA:55,4
DA:56,4
DA:57,4
DA:58,4
DA:59,4
DA:60,4
DA:61,4
DA:62,4
DA:63,4
DA:64,4
DA:65,4
DA:66,4
DA:67,4
DA:68,4
DA:69,4
DA:70,4
DA:71,4
DA:72,4
DA:73,4
DA:74,4
DA:75,4
DA:76,4
DA:77,4
DA:78,4
DA:79,4
DA:80,4
DA:81,4
DA:82,4
DA:83,4
DA:84,4
DA:85,4
DA:86,4
DA:87,4
DA:88,4
DA:89,4
DA:90,4
DA:91,4
DA:92,4
DA:93,4
DA:94,4
DA:95,4
DA:96,4
DA:97,4
DA:98,4
DA:99,4
DA:100,4
DA:101,4
DA:102,4
DA:103,1
DA:104,1
LF:104
LH:104
BRDA:104,0,0,4
BRDA:11,1,0,4
BRDA:56,2,0,1
BRF:3
BRH:3
end_of_record
TN:
SF:src/components/head/navigateItems.jsx
FN:19,get
FN:6,NavigateItems
FNF:2
FNH:2
FNDA:326,get
FNDA:326,NavigateItems
DA:1,1
DA:2,1
DA:3,1
DA:4,1
DA:5,1
DA:6,326
DA:7,326
DA:8,326
DA:9,326
DA:10,326
DA:11,326
DA:12,326
DA:13,326
DA:14,326
DA:15,326
DA:16,326
DA:17,326
DA:18,1
DA:19,1
LF:19
LH:19
BRDA:19,0,0,326
BRDA:6,1,0,326
BRF:2
BRH:2
end_of_record
TN:
SF:src/components/home/itemIntroducer.jsx
FN:141,get
FN:10,ItemIntroducer
FN:18,handleSeeMoreButton
FN:109,onClick
FN:135,event
FNF:5
FNH:4
FNDA:210,get
FNDA:212,ItemIntroducer
FNDA:1,handleSeeMoreButton
FNDA:1,onClick
FNDA:0,event
DA:1,1
DA:2,1
DA:3,1
DA:4,1
DA:5,1
DA:6,1
DA:7,1
DA:8,1
DA:9,1
DA:10,212
DA:11,212
DA:12,212
DA:13,212
DA:14,212
DA:15,212
DA:16,212
DA:17,212
DA:18,212
DA:19,1
DA:20,1
DA:21,1
DA:22,1
DA:23,1
DA:24,1
DA:25,0
DA:26,0
DA:27,1
DA:28,0
DA:29,0
DA:30,1
DA:31,0
DA:32,0
DA:33,1
DA:34,0
DA:35,1
DA:36,1
DA:37,212
DA:38,212
DA:39,212
DA:40,212
DA:41,212
DA:42,212
DA:43,212
DA:44,212
DA:45,212
DA:46,212
DA:47,212
DA:48,212
DA:49,212
DA:50,212
DA:51,212
DA:52,212
DA:53,212
DA:54,212
DA:55,212
DA:56,212
DA:57,212
DA:58,212
DA:59,212
DA:60,212
DA:61,212
DA:62,212
DA:63,212
DA:64,212
DA:65,212
DA:66,212
DA:67,212
DA:68,212
DA:69,212
DA:70,212
DA:71,212
DA:72,212
DA:73,212
DA:74,212
DA:75,212
DA:76,212
DA:77,212
DA:78,212
DA:79,212
DA:80,212
DA:81,212
DA:82,212
DA:83,212
DA:84,212
DA:85,212
DA:86,212
DA:87,212
DA:88,212
DA:89,212
DA:90,212
DA:91,212
DA:92,212
DA:93,212
DA:94,212
DA:95,212
DA:96,212
DA:97,212
DA:98,212
DA:99,212
DA:100,212
DA:101,212
DA:102,212
DA:103,212
DA:104,212
DA:105,212
DA:106,212
DA:107,212
DA:108,212
DA:109,212
DA:110,212
DA:111,212
DA:112,212
DA:113,212
DA:114,212
DA:115,212
DA:116,212
DA:117,212
DA:118,212
DA:119,212
DA:120,212
DA:121,212
DA:122,212
DA:123,212
DA:124,212
DA:125,212
DA:126,212
DA:127,212
DA:128,212
DA:129,212
DA:130,212
DA:131,212
DA:132,212
DA:133,212
DA:134,212
DA:135,212
DA:136,212
DA:137,212
DA:138,212
DA:139,212
DA:140,1
DA:141,1
LF:141
LH:134
BRDA:141,0,0,210
BRDA:10,1,0,212
BRDA:15,2,0,598
BRDA:16,3,0,598
BRDA:18,4,0,1
BRDA:24,5,0,0
BRDA:27,6,0,0
BRDA:30,7,0,0
BRDA:33,8,0,0
BRDA:109,9,0,1
BRF:10
BRH:6
end_of_record
TN:
SF:src/components/inputs/searchInput.jsx
FN:35,get
FN:8,SearchInput
FN:23,onKeyDown
FN:24,onChange
FNF:4
FNH:4
FNDA:326,get
FNDA:326,SearchInput
FNDA:5,onKeyDown
FNDA:5,onChange
DA:1,1
DA:2,1
DA:3,1
DA:4,1
DA:5,1
DA:6,1
DA:7,1
DA:8,326
DA:9,326
DA:10,326
DA:11,326
DA:12,326
DA:13,326
DA:14,326
DA:15,326
DA:16,326
DA:17,326
DA:18,326
DA:19,326
DA:20,326
DA:21,326
DA:22,326
DA:23,326
DA:24,326
DA:25,326
DA:26,326
DA:27,1
DA:28,1
DA:29,1
DA:30,326
DA:31,326
DA:32,326
DA:33,326
DA:34,1
DA:35,1
LF:35
LH:35
BRDA:35,0,0,326
BRDA:8,1,0,326
BRDA:26,2,0,1
BRDA:23,3,0,5
BRDA:24,4,0,5
BRF:5
BRH:5
end_of_record
TN:
SF:src/components/orderList/searchError.jsx
FN:29,get
FN:7,SearchError
FNF:2
FNH:2
FNDA:2,get
FNDA:1,SearchError
DA:1,1
DA:2,1
DA:3,1
DA:4,1
DA:5,1
DA:6,1
DA:7,1
DA:8,1
DA:9,1
DA:10,1
DA:11,1
DA:12,1
DA:13,1
DA:14,1
DA:15,1
DA:16,1
DA:17,1
DA:18,1
DA:19,1
DA:20,1
DA:21,1
DA:22,1
DA:23,1
DA:24,1
DA:25,1
DA:26,1
DA:27,1
DA:28,1
DA:29,1
LF:29
LH:29
BRDA:29,0,0,2
BRDA:7,1,0,1
BRF:2
BRH:2
end_of_record
TN:
SF:src/components/recipe/recipeButtonGroup.jsx
FN:128,get
FN:10,RecipeButtonGroup
FN:19,handleLikeButton
FN:22,handleEditButton
FN:26,handleDeleteButton
FN:32,isButtonsDisabled
FNF:6
FNH:5
FNDA:42,get
FNDA:51,RecipeButtonGroup
FNDA:0,handleLikeButton
FNDA:13,handleEditButton
FNDA:10,handleDeleteButton
FNDA:250,isButtonsDisabled
DA:1,1
DA:2,1
DA:3,1
DA:4,1
DA:5,1
DA:6,1
DA:7,1
DA:8,1
DA:9,1
DA:10,51
DA:11,51
DA:12,51
DA:13,51
DA:14,51
DA:15,51
DA:16,51
DA:17,51
DA:18,51
DA:19,51
DA:20,0
DA:21,51
DA:22,51
DA:23,13
DA:24,13
DA:25,51
DA:26,51
DA:27,10
DA:28,10
DA:29,10
DA:30,51
DA:31,51
DA:32,51
DA:33,51
DA:34,51
DA:35,51
DA:36,51
DA:37,51
DA:38,51
DA:39,51
DA:40,51
DA:41,51
DA:42,51
DA:43,51
DA:44,51
DA:45,51
DA:46,51
DA:47,51
DA:48,51
DA:49,51
DA:50,51
DA:51,51
DA:52,51
DA:53,51
DA:54,51
DA:55,51
DA:56,51
DA:57,51
DA:58,51
DA:59,51
DA:60,51
DA:61,51
DA:62,51
DA:63,51
DA:64,51
DA:65,51
DA:66,51
DA:67,51
DA:68,51
DA:69,51
DA:70,51
DA:71,51
DA:72,51
DA:73,51
DA:74,51
DA:75,51
DA:76,51
DA:77,51
DA:78,51
DA:79,51
DA:80,51
DA:81,51
DA:82,51
DA:83,51
DA:84,51
DA:85,51
DA:86,51
DA:87,51
DA:88,51
DA:89,51
DA:90,51
DA:91,51
DA:92,51
DA:93,51
DA:94,51
DA:95,51
DA:96,51
DA:97,51
DA:98,51
DA:99,51
DA:100,51
DA:101,51
DA:102,51
DA:103,51
DA:104,51
DA:105,51
DA:106,51
DA:107,51
DA:108,51
DA:109,51
DA:110,51
DA:111,51
DA:112,51
DA:113,51
DA:114,51
DA:115,51
DA:116,51
DA:117,51
DA:118,51
DA:119,51
DA:120,51
DA:121,51
DA:122,51
DA:123,51
DA:124,51
DA:125,51
DA:126,51
DA:127,1
DA:128,1
LF:128
LH:127
BRDA:128,0,0,42
BRDA:10,1,0,51
BRDA:59,2,0,36
BRDA:59,3,0,14
BRDA:92,4,0,36
BRDA:92,5,0,14
BRDA:11,6,0,130
BRDA:12,7,0,130
BRDA:13,8,0,130
BRDA:14,9,0,130
BRDA:15,10,0,130
BRDA:16,11,0,130
BRDA:17,12,0,130
BRDA:22,13,0,13
BRDA:26,14,0,10
BRDA:32,15,0,250
BRF:16
BRH:16
end_of_record
TN:
SF:src/components/recipe/recipeCheaps.jsx
FN:45,get
FN:6,RecipeCheaps
FNF:2
FNH:2
FNDA:42,get
FNDA:45,RecipeCheaps
DA:1,1
DA:2,1
DA:3,1
DA:4,1
DA:5,1
DA:6,45
DA:7,45
DA:8,45
DA:9,45
DA:10,45
DA:11,45
DA:12,45
DA:13,45
DA:14,45
DA:15,45
DA:16,45
DA:17,252
DA:18,252
DA:19,45
DA:20,45
DA:21,45
DA:22,45
DA:23,45
DA:24,45
DA:25,45
DA:26,45
DA:27,45
DA:28,45
DA:29,45
DA:30,45
DA:31,45
DA:32,45
DA:33,45
DA:34,45
DA:35,45
DA:36,45
DA:37,45
DA:38,45
DA:39,45
DA:40,45
DA:41,45
DA:42,45
DA:43,45
DA:44,1
DA:45,1
LF:45
LH:45
BRDA:45,0,0,42
BRDA:6,1,0,45
BRDA:16,2,0,252
BRF:3
BRH:3
end_of_record
TN:
SF:src/components/recipe/recipeCookSteps.jsx
FN:71,get
FN:8,RecipeCookSteps
FNF:2
FNH:2
FNDA:42,get
FNDA:45,RecipeCookSteps
DA:1,1
DA:2,1
DA:3,1
DA:4,1
DA:5,1
DA:6,1
DA:7,1
DA:8,45
DA:9,45
DA:10,45
DA:11,45
DA:12,45
DA:13,45
DA:14,45
DA:15,45
DA:16,45
DA:17,45
DA:18,45
DA:19,45
DA:20,45
DA:21,45
DA:22,45
DA:23,45
DA:24,45
DA:25,45
DA:26,45
DA:27,45
DA:28,45
DA:29,45
DA:30,45
DA:31,45
DA:32,45
DA:33,45
DA:34,45
DA:35,45
DA:36,45
DA:37,45
DA:38,126
DA:39,126
DA:40,45
DA:41,45
DA:42,45
DA:43,45
DA:44,45
DA:45,45
DA:46,45
DA:47,45
DA:48,45
DA:49,45
DA:50,45
DA:51,45
DA:52,45
DA:53,45
DA:54,45
DA:55,45
DA:56,45
DA:57,45
DA:58,45
DA:59,45
DA:60,45
DA:61,45
DA:62,45
DA:63,45
DA:64,45
DA:65,45
DA:66,45
DA:67,45
DA:68,45
DA:69,45
DA:70,1
DA:71,1
LF:71
LH:71
BRDA:71,0,0,42
BRDA:8,1,0,45
BRDA:37,2,0,126
BRF:3
BRH:3
end_of_record
TN:
SF:src/components/recipe/recipeCookTips.jsx
FN:70,get
FN:8,RecipeCookTips
FNF:2
FNH:2
FNDA:42,get
FNDA:45,RecipeCookTips
DA:1,1
DA:2,1
DA:3,1
DA:4,1
DA:5,1
DA:6,1
DA:7,1
DA:8,45
DA:9,45
DA:10,45
DA:11,45
DA:12,45
DA:13,45
DA:14,45
DA:15,45
DA:16,45
DA:17,45
DA:18,45
DA:19,45
DA:20,45
DA:21,45
DA:22,45
DA:23,45
DA:24,45
DA:25,45
DA:26,45
DA:27,45
DA:28,45
DA:29,45
DA:30,45
DA:31,45
DA:32,45
DA:33,45
DA:34,45
DA:35,45
DA:36,45
DA:37,45
DA:38,42
DA:39,42
DA:40,45
DA:41,45
DA:42,45
DA:43,45
DA:44,45
DA:45,45
DA:46,45
DA:47,45
DA:48,45
DA:49,45
DA:50,45
DA:51,45
DA:52,45
DA:53,45
DA:54,45
DA:55,45
DA:56,45
DA:57,45
DA:58,45
DA:59,45
DA:60,45
DA:61,45
DA:62,45
DA:63,45
DA:64,45
DA:65,45
DA:66,45
DA:67,45
DA:68,45
DA:69,1
DA:70,1
LF:70
LH:70
BRDA:70,0,0,42
BRDA:8,1,0,45
BRDA:37,2,0,42
BRF:3
BRH:3
end_of_record
TN:
SF:src/components/recipe/recipeErrorMsg.jsx
FN:33,get
FN:4,RecipeErrorMsg
FNF:2
FNH:2
FNDA:2,get
FNDA:2,RecipeErrorMsg
DA:1,1
DA:2,1
DA:3,1
DA:4,2
DA:5,2
DA:6,2
DA:7,2
DA:8,2
DA:9,2
DA:10,2
DA:11,2
DA:12,2
DA:13,2
DA:14,2
DA:15,2
DA:16,2
DA:17,2
DA:18,2
DA:19,2
DA:20,2
DA:21,2
DA:22,2
DA:23,2
DA:24,2
DA:25,2
DA:26,2
DA:27,2
DA:28,2
DA:29,2
DA:30,2
DA:31,2
DA:32,1
DA:33,1
LF:33
LH:33
BRDA:33,0,0,2
BRDA:4,1,0,2
BRF:2
BRH:2
end_of_record
TN:
SF:src/components/recipe/recipeHeadInfo.jsx
FN:83,get
FN:9,RecipeHeadInfo
FNF:2
FNH:2
FNDA:42,get
FNDA:48,RecipeHeadInfo
DA:1,1
DA:2,1
DA:3,1
DA:4,1
DA:5,1
DA:6,1
DA:7,1
DA:8,1
DA:9,48
DA:10,48
DA:11,48
DA:12,48
DA:13,48
DA:14,48
DA:15,48
DA:16,48
DA:17,48
DA:18,48
DA:19,48
DA:20,48
DA:21,48
DA:22,48
DA:23,48
DA:24,48
DA:25,48
DA:26,48
DA:27,48
DA:28,48
DA:29,48
DA:30,48
DA:31,48
DA:32,48
DA:33,48
DA:34,48
DA:35,48
DA:36,48
DA:37,48
DA:38,48
DA:39,48
DA:40,48
DA:41,48
DA:42,48
DA:43,48
DA:44,48
DA:45,48
DA:46,48
DA:47,48
DA:48,48
DA:49,48
DA:50,48
DA:51,48
DA:52,48
DA:53,48
DA:54,48
DA:55,48
DA:56,48
DA:57,48
DA:58,48
DA:59,48
DA:60,48
DA:61,48
DA:62,48
DA:63,48
DA:64,48
DA:65,48
DA:66,48
DA:67,48
DA:68,48
DA:69,48
DA:70,48
DA:71,48
DA:72,48
DA:73,48
DA:74,48
DA:75,48
DA:76,48
DA:77,48
DA:78,48
DA:79,48
DA:80,48
DA:81,48
DA:82,1
DA:83,1
LF:83
LH:83
BRDA:83,0,0,42
BRDA:9,1,0,48
BRDA:13,2,0,122
BRF:3
BRH:3
end_of_record
TN:
SF:src/components/recipe/recipeMaterial.jsx
FN:71,get
FN:8,RecipeMaterial
FNF:2
FNH:2
FNDA:42,get
FNDA:45,RecipeMaterial
DA:1,1
DA:2,1
DA:3,1
DA:4,1
DA:5,1
DA:6,1
DA:7,1
DA:8,45
DA:9,45
DA:10,45
DA:11,45
DA:12,45
DA:13,45
DA:14,45
DA:15,45
DA:16,45
DA:17,45
DA:18,45
DA:19,45
DA:20,45
DA:21,45
DA:22,45
DA:23,45
DA:24,45
DA:25,45
DA:26,45
DA:27,45
DA:28,45
DA:29,45
DA:30,45
DA:31,45
DA:32,45
DA:33,45
DA:34,45
DA:35,45
DA:36,45
DA:37,45
DA:38,45
DA:39,45
DA:40,45
DA:41,45
DA:42,45
DA:43,45
DA:44,45
DA:45,45
DA:46,45
DA:47,45
DA:48,45
DA:49,45
DA:50,45
DA:51,45
DA:52,45
DA:53,45
DA:54,45
DA:55,45
DA:56,45
DA:57,45
DA:58,45
DA:59,45
DA:60,45
DA:61,45
DA:62,45
DA:63,45
DA:64,45
DA:65,45
DA:66,45
DA:67,45
DA:68,45
DA:69,45
DA:70,1
DA:71,1
LF:71
LH:71
BRDA:71,0,0,42
BRDA:8,1,0,45
BRDA:62,2,0,462
BRF:3
BRH:3
end_of_record
TN:
SF:src/components/recipe/recipeMsg.jsx
FN:27,get
FN:8,RecipeMsg
FNF:2
FNH:2
FNDA:42,get
FNDA:51,RecipeMsg
DA:1,1
DA:2,1
DA:3,1
DA:4,1
DA:5,1
DA:6,1
DA:7,1
DA:8,51
DA:9,51
DA:10,51
DA:11,51
DA:12,51
DA:13,51
DA:14,51
DA:15,51
DA:16,51
DA:17,51
DA:18,51
DA:19,51
DA:20,51
DA:21,51
DA:22,51
DA:23,51
DA:24,51
DA:25,51
DA:26,1
DA:27,1
LF:27
LH:27
BRDA:27,0,0,42
BRDA:8,1,0,51
BRDA:19,2,0,8
BRDA:20,3,0,6
BRDA:21,4,0,2
BRDA:9,5,0,130
BRF:6
BRH:6
end_of_record
TN:
SF:src/components/recipe/recipeSuccessMsg.jsx
FN:33,get
FN:4,RecipeSuccessMsg
FNF:2
FNH:2
FNDA:6,get
FNDA:6,RecipeSuccessMsg
DA:1,1
DA:2,1
DA:3,1
DA:4,6
DA:5,6
DA:6,6
DA:7,6
DA:8,6
DA:9,6
DA:10,6
DA:11,6
DA:12,6
DA:13,6
DA:14,6
DA:15,6
DA:16,6
DA:17,6
DA:18,6
DA:19,6
DA:20,6
DA:21,6
DA:22,6
DA:23,6
DA:24,6
DA:25,6
DA:26,6
DA:27,6
DA:28,6
DA:29,6
DA:30,6
DA:31,6
DA:32,1
DA:33,1
LF:33
LH:33
BRDA:33,0,0,6
BRDA:4,1,0,6
BRF:2
BRH:2
end_of_record
TN:
SF:src/components/recipe/util/transformRecipeDataToEdit.js
FN:34,get
FN:1,transformRecipeDataToEdit
FNF:2
FNH:2
FNDA:13,get
FNDA:13,transformRecipeDataToEdit
DA:1,1
DA:2,13
DA:3,13
DA:4,13
DA:5,13
DA:6,13
DA:7,13
DA:8,13
DA:9,13
DA:10,13
DA:11,13
DA:12,13
DA:13,13
DA:14,13
DA:15,13
DA:16,13
DA:17,13
DA:18,13
DA:19,13
DA:20,13
DA:21,13
DA:22,13
DA:23,13
DA:24,13
DA:25,13
DA:26,13
DA:27,13
DA:28,13
DA:29,13
DA:30,13
DA:31,13
DA:32,1
DA:33,1
DA:34,1
LF:34
LH:34
BRDA:34,0,0,13
BRDA:1,1,0,13
BRF:2
BRH:2
end_of_record
TN:
SF:src/pages/add.jsx
FN:49,get
FN:13,Add
FNF:2
FNH:2
FNDA:58,get
FNDA:107,Add
DA:1,1
DA:2,1
DA:3,1
DA:4,1
DA:5,1
DA:6,1
DA:7,1
DA:8,1
DA:9,1
DA:10,1
DA:11,1
DA:12,1
DA:13,107
DA:14,107
DA:15,107
DA:16,107
DA:17,107
DA:18,107
DA:19,107
DA:20,107
DA:21,107
DA:22,107
DA:23,107
DA:24,107
DA:25,107
DA:26,107
DA:27,107
DA:28,107
DA:29,107
DA:30,107
DA:31,107
DA:32,107
DA:33,107
DA:34,107
DA:35,107
DA:36,107
DA:37,107
DA:38,107
DA:39,107
DA:40,107
DA:41,107
DA:42,107
DA:43,107
DA:44,107
DA:45,107
DA:46,107
DA:47,107
DA:48,1
DA:49,1
LF:49
LH:49
BRDA:49,0,0,58
BRDA:13,1,0,107
BRDA:38,2,0,59
BRDA:39,3,0,17
BRDA:40,4,0,11
BRDA:41,5,0,10
BRDA:42,6,0,9
BRDA:14,7,0,385
BRF:8
BRH:8
end_of_record
TN:
SF:src/pages/edit.jsx
FN:61,get
FN:11,Edit
FNF:2
FNH:2
FNDA:17,get
FNDA:17,Edit
DA:1,1
DA:2,1
DA:3,1
DA:4,1
DA:5,1
DA:6,1
DA:7,1
DA:8,1
DA:9,1
DA:10,1
DA:11,17
DA:12,17
DA:13,17
DA:14,17
DA:15,17
DA:16,17
DA:17,17
DA:18,17
DA:19,17
DA:20,17
DA:21,17
DA:22,17
DA:23,17
DA:24,17
DA:25,17
DA:26,17
DA:27,17
DA:28,17
DA:29,17
DA:30,17
DA:31,17
DA:32,17
DA:33,17
DA:34,17
DA:35,17
DA:36,17
DA:37,17
DA:38,17
DA:39,17
DA:40,17
DA:41,17
DA:42,17
DA:43,17
DA:44,17
DA:45,17
DA:46,17
DA:47,17
DA:48,17
DA:49,17
DA:50,17
DA:51,17
DA:52,17
DA:53,17
DA:54,17
DA:55,17
DA:56,17
DA:57,17
DA:58,17
DA:59,17
DA:60,1
DA:61,1
LF:61
LH:61
BRDA:61,0,0,17
BRDA:11,1,0,17
BRF:2
BRH:2
end_of_record
TN:
SF:src/pages/float.jsx
FN:176,get
FN:11,Float
FN:74,handleSaveButton
FNF:3
FNH:3
FNDA:43,get
FNDA:46,Float
FNDA:2,handleSaveButton
DA:1,1
DA:2,1
DA:3,1
DA:4,1
DA:5,1
DA:6,1
DA:7,1
DA:8,1
DA:9,1
DA:10,1
DA:11,46
DA:12,46
DA:13,46
DA:14,46
DA:15,46
DA:16,46
DA:17,46
DA:18,46
DA:19,46
DA:20,46
DA:21,46
DA:22,46
DA:23,46
DA:24,46
DA:25,12
DA:26,12
DA:27,12
DA:28,1
DA:29,1
DA:30,1
DA:31,1
DA:32,1
DA:33,1
DA:34,12
DA:35,1
DA:36,1
DA:37,1
DA:38,1
DA:39,1
DA:40,1
DA:41,12
DA:42,12
DA:43,1
DA:44,1
DA:45,1
DA:46,1
DA:47,12
DA:48,12
DA:49,1
DA:50,1
DA:51,1
DA:52,1
DA:53,12
DA:54,12
DA:55,8
DA:56,8
DA:57,8
DA:58,8
DA:59,6
DA:60,6
DA:61,0
DA:62,0
DA:63,6
DA:64,7
DA:65,2
DA:66,2
DA:67,8
DA:68,8
DA:69,12
DA:70,0
DA:71,12
DA:72,46
DA:73,46
DA:74,46
DA:75,2
DA:76,2
DA:77,46
DA:78,46
DA:79,46
DA:80,46
DA:81,46
DA:82,46
DA:83,46
DA:84,46
DA:85,46
DA:86,46
DA:87,46
DA:88,46
DA:89,46
DA:90,46
DA:91,46
DA:92,46
DA:93,46
DA:94,46
DA:95,46
DA:96,46
DA:97,46
DA:98,46
DA:99,46
DA:100,46
DA:101,46
DA:102,46
DA:103,46
DA:104,46
DA:105,46
DA:106,46
DA:107,46
DA:108,46
DA:109,46
DA:110,46
DA:111,46
DA:112,46
DA:113,46
DA:114,46
DA:115,46
DA:116,46
DA:117,46
DA:118,46
DA:119,46
DA:120,46
DA:121,46
DA:122,46
DA:123,46
DA:124,46
DA:125,46
DA:126,46
DA:127,46
DA:128,46
DA:129,46
DA:130,46
DA:131,46
DA:132,46
DA:133,46
DA:134,46
DA:135,46
DA:136,46
DA:137,46
DA:138,46
DA:139,46
DA:140,46
DA:141,46
DA:142,46
DA:143,46
DA:144,46
DA:145,46
DA:146,46
DA:147,46
DA:148,46
DA:149,46
DA:150,46
DA:151,46
DA:152,46
DA:153,46
DA:154,46
DA:155,46
DA:156,46
DA:157,46
DA:158,46
DA:159,46
DA:160,46
DA:161,46
DA:162,46
DA:163,46
DA:164,46
DA:165,46
DA:166,46
DA:167,46
DA:168,46
DA:169,46
DA:170,46
DA:171,46
DA:172,46
DA:173,46
DA:174,46
DA:175,1
DA:176,1
LF:176
LH:173
BRDA:176,0,0,43
BRDA:11,1,0,46
BRDA:12,2,0,329
BRDA:13,3,0,329
BRDA:14,4,0,329
BRDA:15,5,0,329
BRDA:16,6,0,329
BRDA:17,7,0,329
BRDA:18,8,0,329
BRDA:19,9,0,329
BRDA:20,10,0,329
BRDA:21,11,0,329
BRDA:22,12,0,329
BRDA:24,13,0,46
BRDA:24,14,0,12
BRDA:27,15,0,1
BRDA:34,16,0,1
BRDA:42,17,0,1
BRDA:48,18,0,1
BRDA:54,19,0,8
BRDA:58,20,0,7
BRDA:58,21,0,6
BRDA:64,22,0,2
BRDA:69,23,0,0
BRDA:55,24,0,8
BRDA:59,25,0,6
BRDA:65,26,0,2
BRDA:74,27,0,2
BRF:28
BRH:27
end_of_record
TN:
SF:src/pages/home.jsx
FN:25,get
FN:6,Home
FNF:2
FNH:2
FNDA:40,get
FNDA:42,Home
DA:1,1
DA:2,1
DA:3,1
DA:4,1
DA:5,1
DA:6,42
DA:7,42
DA:8,42
DA:9,42
DA:10,42
DA:11,42
DA:12,42
DA:13,42
DA:14,42
DA:15,42
DA:16,42
DA:17,42
DA:18,42
DA:19,42
DA:20,42
DA:21,42
DA:22,42
DA:23,42
DA:24,1
DA:25,1
LF:25
LH:25
BRDA:25,0,0,40
BRDA:6,1,0,42
BRF:2
BRH:2
end_of_record
TN:
SF:src/pages/orderList.jsx
FN:70,get
FN:6,OrderList
FNF:2
FNH:2
FNDA:9,get
FNDA:12,OrderList
DA:1,1
DA:2,1
DA:3,1
DA:4,1
DA:5,1
DA:6,12
DA:7,12
DA:8,12
DA:9,12
DA:10,12
DA:11,12
DA:12,12
DA:13,12
DA:14,12
DA:15,2
DA:16,12
DA:17,7
DA:18,7
DA:19,9
DA:20,9
DA:21,9
DA:22,9
DA:23,9
DA:24,9
DA:25,9
DA:26,9
DA:27,9
DA:28,9
DA:29,9
DA:30,9
DA:31,9
DA:32,9
DA:33,9
DA:34,9
DA:35,9
DA:36,9
DA:37,12
DA:38,12
DA:39,12
DA:40,12
DA:41,12
DA:42,12
DA:43,12
DA:44,12
DA:45,12
DA:46,12
DA:47,12
DA:48,12
DA:49,12
DA:50,12
DA:51,12
DA:52,12
DA:53,12
DA:54,12
DA:55,12
DA:56,12
DA:57,12
DA:58,12
DA:59,12
DA:60,12
DA:61,12
DA:62,12
DA:63,12
DA:64,12
DA:65,12
DA:66,12
DA:67,12
DA:68,12
DA:69,1
DA:70,1
LF:70
LH:70
BRDA:70,0,0,9
BRDA:6,1,0,12
BRDA:14,2,0,2
BRDA:16,3,0,11
BRDA:16,4,0,10
BRDA:16,5,0,7
BRDA:19,6,0,9
BRDA:37,7,0,2
BRDA:37,8,0,7
BRDA:7,9,0,11
BRDA:8,10,0,11
BRDA:9,11,0,11
BRDA:10,12,0,11
BRF:13
BRH:13
end_of_record
TN:
SF:src/pages/recipe.jsx
FN:97,get
FN:13,Recipe
FNF:2
FNH:2
FNDA:42,get
FNDA:46,Recipe
DA:1,1
DA:2,1
DA:3,1
DA:4,1
DA:5,1
DA:6,1
DA:7,1
DA:8,1
DA:9,1
DA:10,1
DA:11,1
DA:12,1
DA:13,46
DA:14,46
DA:15,46
DA:16,46
DA:17,46
DA:18,46
DA:19,46
DA:20,46
DA:21,46
DA:22,46
DA:23,46
DA:24,46
DA:25,46
DA:26,46
DA:27,46
DA:28,46
DA:29,46
DA:30,46
DA:31,46
DA:32,46
DA:33,46
DA:34,46
DA:35,46
DA:36,46
DA:37,46
DA:38,46
DA:39,46
DA:40,46
DA:41,46
DA:42,46
DA:43,46
DA:44,46
DA:45,46
DA:46,46
DA:47,46
DA:48,46
DA:49,46
DA:50,46
DA:51,46
DA:52,46
DA:53,46
DA:54,46
DA:55,46
DA:56,46
DA:57,46
DA:58,46
DA:59,46
DA:60,46
DA:61,46
DA:62,46
DA:63,46
DA:64,46
DA:65,46
DA:66,46
DA:67,46
DA:68,46
DA:69,46
DA:70,46
DA:71,46
DA:72,46
DA:73,46
DA:74,46
DA:75,46
DA:76,46
DA:77,46
DA:78,46
DA:79,46
DA:80,46
DA:81,46
DA:82,46
DA:83,46
DA:84,46
DA:85,46
DA:86,46
DA:87,46
DA:88,46
DA:89,46
DA:90,46
DA:91,46
DA:92,46
DA:93,46
DA:94,46
DA:95,46
DA:96,1
DA:97,1
LF:97
LH:97
BRDA:97,0,0,42
BRDA:13,1,0,46
BRDA:14,2,0,122
BRF:3
BRH:3
end_of_record
TN:
SF:src/pages/utils/createHomeRecipeCard.jsx
FN:15,get
FN:5,createHomeRecipeCard
FNF:2
FNH:2
FNDA:169,get
FNDA:169,createHomeRecipeCard
DA:1,1
DA:2,1
DA:3,1
DA:4,1
DA:5,1
DA:6,169
DA:7,169
DA:8,169
DA:9,718
DA:10,169
DA:11,169
DA:12,169
DA:13,1
DA:14,1
DA:15,1
LF:15
LH:15
BRDA:15,0,0,169
BRDA:5,1,0,169
BRDA:8,2,0,718
BRDA:9,3,0,210
BRDA:9,4,0,508
BRF:5
BRH:5
end_of_record
TN:
SF:src/pages/utils/createRecipeCard.jsx
FN:13,get
FN:5,createRecipeCard
FNF:2
FNH:2
FNDA:55,get
FNDA:53,createRecipeCard
DA:1,1
DA:2,1
DA:3,1
DA:4,1
DA:5,1
DA:6,53
DA:7,269
DA:8,53
DA:9,53
DA:10,53
DA:11,1
DA:12,1
DA:13,1
LF:13
LH:13
BRDA:13,0,0,55
BRDA:5,1,0,53
BRDA:6,2,0,269
BRF:3
BRH:3
end_of_record
TN:
SF:src/store/addStore.js
FN:46,get
FN:1,addStore
FN:35,setFinalComponent
FN:38,setCacheData
FN:41,setCurrentStep
FNF:5
FNH:5
FNDA:21,get
FNDA:21,addStore
FNDA:2,setFinalComponent
FNDA:171,setCacheData
FNDA:49,setCurrentStep
DA:1,1
DA:2,21
DA:3,21
DA:4,21
DA:5,21
DA:6,21
DA:7,21
DA:8,21
DA:9,21
DA:10,21
DA:11,21
DA:12,21
DA:13,21
DA:14,21
DA:15,21
DA:16,21
DA:17,21
DA:18,21
DA:19,21
DA:20,21
DA:21,21
DA:22,21
DA:23,21
DA:24,21
DA:25,21
DA:26,21
DA:27,21
DA:28,21
DA:29,21
DA:30,21
DA:31,21
DA:32,21
DA:33,21
DA:34,21
DA:35,21
DA:36,2
DA:37,2
DA:38,21
DA:39,171
DA:40,171
DA:41,21
DA:42,49
DA:43,49
DA:44,1
DA:45,1
DA:46,1
LF:46
LH:46
BRDA:46,0,0,21
BRDA:1,1,0,21
BRDA:35,2,0,2
BRDA:36,3,0,2
BRDA:38,4,0,171
BRDA:39,5,0,171
BRDA:41,6,0,49
BRDA:42,7,0,49
BRF:8
BRH:8
end_of_record
TN:
SF:src/store/editStore.js
FN:43,get
FN:1,editStore
FN:35,setEditCurrentMsg
FN:38,setEditCacheData
FNF:4
FNH:3
FNDA:21,get
FNDA:21,editStore
FNDA:0,setEditCurrentMsg
FNDA:34,setEditCacheData
DA:1,1
DA:2,21
DA:3,21
DA:4,21
DA:5,21
DA:6,21
DA:7,21
DA:8,21
DA:9,21
DA:10,21
DA:11,21
DA:12,21
DA:13,21
DA:14,21
DA:15,21
DA:16,21
DA:17,21
DA:18,21
DA:19,21
DA:20,21
DA:21,21
DA:22,21
DA:23,21
DA:24,21
DA:25,21
DA:26,21
DA:27,21
DA:28,21
DA:29,21
DA:30,21
DA:31,21
DA:32,21
DA:33,21
DA:34,21
DA:35,21
DA:36,0
DA:37,0
DA:38,21
DA:39,34
DA:40,34
DA:41,1
DA:42,1
DA:43,1
LF:43
LH:41
BRDA:43,0,0,21
BRDA:1,1,0,21
BRDA:38,2,0,34
BRDA:39,3,0,34
BRF:4
BRH:4
end_of_record
TN:
SF:src/store/floatStore.js
FN:28,get
FN:1,floatStore
FN:11,setCurrentFloat
FN:14,setToggleFloat
FN:17,setTextValue
FN:20,setIsFirstNav
FN:23,setNextPage
FNF:7
FNH:6
FNDA:21,get
FNDA:21,floatStore
FNDA:15,setCurrentFloat
FNDA:29,setToggleFloat
FNDA:15,setTextValue
FNDA:8,setIsFirstNav
FNDA:0,setNextPage
DA:1,1
DA:2,21
DA:3,21
DA:4,21
DA:5,21
DA:6,21
DA:7,21
DA:8,21
DA:9,21
DA:10,21
DA:11,21
DA:12,15
DA:13,15
DA:14,21
DA:15,29
DA:16,29
DA:17,21
DA:18,15
DA:19,15
DA:20,21
DA:21,8
DA:22,8
DA:23,21
DA:24,0
DA:25,0
DA:26,1
DA:27,1
DA:28,1
LF:28
LH:26
BRDA:28,0,0,21
BRDA:1,1,0,21
BRDA:11,2,0,15
BRDA:12,3,0,15
BRDA:14,4,0,29
BRDA:15,5,0,29
BRDA:17,6,0,15
BRDA:18,7,0,15
BRDA:20,8,0,8
BRDA:21,9,0,8
BRF:10
BRH:10
end_of_record
TN:
SF:src/store/homeStore.js
FN:8,get
FN:1,homeStore
FN:3,setHomeCacheData
FNF:3
FNH:2
FNDA:21,get
FNDA:21,homeStore
FNDA:0,setHomeCacheData
DA:1,1
DA:2,21
DA:3,21
DA:4,0
DA:5,0
DA:6,1
DA:7,1
DA:8,1
LF:8
LH:6
BRDA:8,0,0,21
BRDA:1,1,0,21
BRF:2
BRH:2
end_of_record
TN:
SF:src/store/mainStore.js
FN:15,get
FN:33,setCurrentRecipeId
FN:36,setCurrentRecipeCategory
FN:39,setBreadsCrumbs
FN:84,setCurrentCategory
FNF:5
FNH:4
FNDA:10545,get
FNDA:24,setCurrentRecipeId
FNDA:24,setCurrentRecipeCategory
FNDA:0,setBreadsCrumbs
FNDA:2,setCurrentCategory
DA:1,1
DA:2,1
DA:3,1
DA:4,1
DA:5,1
DA:6,1
DA:7,1
DA:8,1
DA:9,1
DA:10,1
DA:11,1
DA:12,1
DA:13,1
DA:14,1
DA:15,1
DA:16,21
DA:17,21
DA:18,21
DA:19,21
DA:20,21
DA:21,21
DA:22,21
DA:23,21
DA:24,21
DA:25,21
DA:26,21
DA:27,21
DA:28,21
DA:29,21
DA:30,21
DA:31,21
DA:32,21
DA:33,21
DA:34,24
DA:35,24
DA:36,21
DA:37,24
DA:38,24
DA:39,21
DA:40,0
DA:41,0
DA:42,21
DA:43,133
DA:44,133
DA:45,133
DA:46,132
DA:47,132
DA:48,133
DA:49,28
DA:50,28
DA:51,105
DA:52,123
DA:53,124
DA:54,3
DA:55,3
DA:56,3
DA:57,3
DA:58,3
DA:59,3
DA:60,105
DA:61,124
DA:62,1
DA:63,1
DA:64,1
DA:65,1
DA:66,1
DA:67,1
DA:68,1
DA:69,1
DA:70,124
DA:71,104
DA:72,104
DA:73,104
DA:74,104
DA:75,104
DA:76,104
DA:77,104
DA:78,104
DA:79,104
DA:80,104
DA:81,105
DA:82,105
DA:83,105
DA:84,21
DA:85,2
DA:86,2
DA:87,1
LF:87
LH:85
BRDA:15,0,0,10545
BRDA:15,1,0,21
BRDA:33,2,0,24
BRDA:34,3,0,24
BRDA:36,4,0,24
BRDA:37,5,0,24
BRDA:42,6,0,133
BRDA:45,7,0,132
BRDA:46,8,0,0
BRDA:46,9,0,0
BRDA:48,10,0,28
BRDA:51,11,0,124
BRDA:51,12,0,123
BRDA:51,13,0,105
BRDA:52,14,0,102
BRDA:53,15,0,3
BRDA:60,16,0,105
BRDA:61,17,0,1
BRDA:70,18,0,105
BRDA:70,19,0,104
BRDA:54,20,0,3
BRDA:63,21,0,1
BRDA:73,22,0,104
BRDA:84,23,0,2
BRDA:85,24,0,2
BRF:25
BRH:23
end_of_record
TN:
SF:src/store/orderLIstStore.js
FN:7,get
FN:1,orderListStore
FN:3,setCurrentOrderList
FNF:3
FNH:3
FNDA:21,get
FNDA:21,orderListStore
FNDA:6,setCurrentOrderList
DA:1,1
DA:2,21
DA:3,21
DA:4,6
DA:5,6
DA:6,1
DA:7,1
LF:7
LH:7
BRDA:7,0,0,21
BRDA:1,1,0,21
BRDA:3,2,0,6
BRDA:4,3,0,6
BRF:4
BRH:4
end_of_record
TN:
SF:src/store/searchStore.jsx
FN:38,get
FN:8,searchStore
FNF:2
FNH:2
FNDA:21,get
FNDA:21,searchStore
DA:1,1
DA:2,1
DA:3,1
DA:4,1
DA:5,1
DA:6,1
DA:7,1
DA:8,1
DA:9,21
DA:10,21
DA:11,21
DA:12,21
DA:13,21
DA:14,21
DA:15,5
DA:16,5
DA:17,5
DA:18,5
DA:19,5
DA:20,5
DA:21,5
DA:22,3
DA:23,3
DA:24,5
DA:25,2
DA:26,2
DA:27,2
DA:28,2
DA:29,2
DA:30,2
DA:31,2
DA:32,2
DA:33,2
DA:34,5
DA:35,21
DA:36,1
DA:37,1
DA:38,1
LF:38
LH:38
BRDA:38,0,0,21
BRDA:8,1,0,21
BRDA:14,2,0,5
BRDA:21,3,0,3
BRDA:24,4,0,2
BRDA:17,5,0,5
BRDA:20,6,0,5
BRDA:26,7,0,2
BRF:8
BRH:8
end_of_record
TN:
SF:src/store/utils/addNavigationCheck.js
FN:32,get
FN:5,addNavigationCheck
FNF:2
FNH:2
FNDA:133,get
FNDA:133,addNavigationCheck
DA:1,1
DA:2,1
DA:3,1
DA:4,1
DA:5,1
DA:6,133
DA:7,27
DA:8,27
DA:9,27
DA:10,27
DA:11,27
DA:12,27
DA:13,27
DA:14,27
DA:15,27
DA:16,27
DA:17,133
DA:18,1
DA:19,1
DA:20,1
DA:21,1
DA:22,1
DA:23,1
DA:24,1
DA:25,1
DA:26,1
DA:27,1
DA:28,1
DA:29,105
DA:30,1
DA:31,1
DA:32,1
LF:32
LH:32
BRDA:32,0,0,133
BRDA:5,1,0,133
BRDA:6,2,0,31
BRDA:6,3,0,31
BRDA:6,4,0,27
BRDA:17,5,0,124
BRDA:17,6,0,106
BRDA:17,7,0,4
BRDA:17,8,0,124
BRDA:17,9,0,1
BRDA:29,10,0,105
BRDA:7,11,0,27
BRDA:18,12,0,1
BRF:13
BRH:13
end_of_record
TN:
SF:src/store/utils/addSteps.js
FN:9,get
FNF:1
FNH:1
FNDA:462,get
DA:1,1
DA:2,1
DA:3,1
DA:4,1
DA:5,1
DA:6,1
DA:7,1
DA:8,1
DA:9,1
LF:9
LH:9
BRDA:9,0,0,462
BRF:1
BRH:1
end_of_record
TN:
SF:src/store/utils/defaultAddCacheData.js
FN:30,get
FNF:1
FNH:1
FNDA:2,get
DA:1,1
DA:2,1
DA:3,1
DA:4,1
DA:5,1
DA:6,1
DA:7,1
DA:8,1
DA:9,1
DA:10,1
DA:11,1
DA:12,1
DA:13,1
DA:14,1
DA:15,1
DA:16,1
DA:17,1
DA:18,1
DA:19,1
DA:20,1
DA:21,1
DA:22,1
DA:23,1
DA:24,1
DA:25,1
DA:26,1
DA:27,1
DA:28,1
DA:29,1
DA:30,1
LF:30
LH:30
BRDA:30,0,0,2
BRF:1
BRH:1
end_of_record
TN:
SF:src/store/utils/defaultEditCacheData.js
FN:30,get
FNF:1
FNH:1
FNDA:3,get
DA:1,1
DA:2,1
DA:3,1
DA:4,1
DA:5,1
DA:6,1
DA:7,1
DA:8,1
DA:9,1
DA:10,1
DA:11,1
DA:12,1
DA:13,1
DA:14,1
DA:15,1
DA:16,1
DA:17,1
DA:18,1
DA:19,1
DA:20,1
DA:21,1
DA:22,1
DA:23,1
DA:24,1
DA:25,1
DA:26,1
DA:27,1
DA:28,1
DA:29,1
DA:30,1
LF:30
LH:30
BRDA:30,0,0,3
BRF:1
BRH:1
end_of_record
TN:
SF:src/store/utils/defaultRoutes.js
FN:1,get
FNF:1
FNH:1
FNDA:80,get
DA:1,1
DA:2,1
DA:3,1
DA:4,1
DA:5,1
DA:6,1
DA:7,1
DA:8,1
DA:9,1
DA:10,1
DA:11,1
DA:12,1
DA:13,1
LF:13
LH:13
BRDA:1,0,0,80
BRF:1
BRH:1
end_of_record
TN:
SF:src/store/utils/handleBreadsInternal.js
FN:19,get
FN:3,handleBreadsInternal
FNF:2
FNH:2
FNDA:399,get
FNDA:1,handleBreadsInternal
DA:1,1
DA:2,1
DA:3,1
DA:4,1
DA:5,1
DA:6,1
DA:7,1
DA:8,1
DA:9,1
DA:10,1
DA:11,1
DA:12,0
DA:13,1
DA:14,1
DA:15,1
DA:16,1
DA:17,1
DA:18,1
DA:19,1
LF:19
LH:18
BRDA:19,0,0,399
BRDA:3,1,0,1
BRDA:11,2,0,0
BRDA:11,3,0,0
BRF:4
BRH:2
end_of_record
TN:
SF:src/store/utils/handleBreadsOutside.js
FN:42,get
FN:5,handleBreadsOutside
FNF:2
FNH:2
FNDA:104,get
FNDA:104,handleBreadsOutside
DA:1,1
DA:2,1
DA:3,1
DA:4,1
DA:5,1
DA:6,104
DA:7,104
DA:8,104
DA:9,24
DA:10,24
DA:11,0
DA:12,0
DA:13,0
DA:14,0
DA:15,0
DA:16,0
DA:17,24
DA:18,24
DA:19,24
DA:20,24
DA:21,24
DA:22,24
DA:23,80
DA:24,80
DA:25,113
DA:26,113
DA:27,113
DA:28,113
DA:29,80
DA:30,80
DA:31,104
DA:32,2
DA:33,2
DA:34,2
DA:35,2
DA:36,2
DA:37,2
DA:38,2
DA:39,78
DA:40,1
DA:41,1
DA:42,1
LF:42
LH:36
BRDA:42,0,0,104
BRDA:5,1,0,104
BRDA:8,2,0,24
BRDA:10,3,0,0
BRDA:23,4,0,80
BRDA:31,5,0,2
BRDA:39,6,0,78
BRDA:24,7,0,113
BRF:8
BRH:7
end_of_record
TN:
SF:src/store/utils/querySearch.js
FN:20,get
FNF:1
FNH:1
FNDA:2,get
DA:1,1
DA:2,1
DA:3,1
DA:4,0
DA:5,0
DA:6,0
DA:7,0
DA:8,0
DA:9,0
DA:10,0
DA:11,0
DA:12,1
DA:13,1
DA:14,1
DA:15,1
DA:16,1
DA:17,1
DA:18,1
DA:19,1
DA:20,1
LF:20
LH:12
BRDA:20,0,0,2
BRDA:1,1,0,21
BRDA:1,2,0,1
BRDA:4,3,0,0
BRF:4
BRH:3
end_of_record
TN:
SF:src/store/utils/stepValidator.js
FN:66,get
FN:7,beAErrorInput
FN:11,element.onfocus
FN:17,element.onblur
FN:21,stepValidator
FNF:5
FNH:3
FNDA:64,get
FNDA:14,beAErrorInput
FNDA:0,element.onfocus
FNDA:0,element.onblur
FNDA:64,stepValidator
DA:1,1
DA:2,1
DA:3,1
DA:4,1
DA:5,1
DA:6,1
DA:7,1
DA:8,14
DA:9,14
DA:10,14
DA:11,14
DA:12,0
DA:13,0
DA:14,0
DA:15,0
DA:16,0
DA:17,14
DA:18,0
DA:19,0
DA:20,1
DA:21,1
DA:22,64
DA:23,7
DA:24,7
DA:25,57
DA:26,57
DA:27,64
DA:28,5
DA:29,64
DA:30,52
DA:31,52
DA:32,57
DA:33,57
DA:34,64
DA:35,282
DA:36,0
DA:37,0
DA:38,0
DA:39,0
DA:40,0
DA:41,0
DA:42,0
DA:43,0
DA:44,282
DA:45,9
DA:46,9
DA:47,9
DA:48,282
DA:49,273
DA:50,273
DA:51,282
DA:52,30
DA:53,5
DA:54,5
DA:55,5
DA:56,282
DA:57,243
DA:58,243
DA:59,282
DA:60,64
DA:61,5
DA:62,5
DA:63,52
DA:64,1
DA:65,1
DA:66,1
LF:66
LH:51
BRDA:66,0,0,64
BRDA:7,1,0,14
BRDA:21,2,0,64
BRDA:22,3,0,7
BRDA:25,4,0,57
BRDA:27,5,0,5
BRDA:29,6,0,57
BRDA:29,7,0,52
BRDA:34,8,0,282
BRDA:35,9,0,25
BRDA:35,10,0,0
BRDA:44,11,0,75
BRDA:44,12,0,9
BRDA:48,13,0,273
BRDA:51,14,0,30
BRDA:52,15,0,5
BRDA:56,16,0,243
BRDA:60,17,0,57
BRDA:60,18,0,5
BRDA:63,19,0,52
BRF:20
BRH:19
end_of_record
TN:
SF:src/store/utils/getPageData/getCategoryData.js
FN:7,get
FNF:1
FNH:1
FNDA:7,get
DA:1,1
DA:2,2
DA:3,0
DA:4,0
DA:5,1
DA:6,1
DA:7,1
LF:7
LH:5
BRDA:7,0,0,7
BRDA:1,1,0,17
BRDA:1,2,0,2
BRDA:3,3,0,0
BRF:4
BRH:3
end_of_record
TN:
SF:src/store/utils/getPageData/getHomeData.js
FN:7,get
FNF:1
FNH:1
FNDA:11,get
DA:1,1
DA:2,0
DA:3,0
DA:4,0
DA:5,1
DA:6,1
DA:7,1
LF:7
LH:4
BRDA:7,0,0,11
BRDA:1,1,0,13
BRF:2
BRH:2
end_of_record
TN:
SF:src/store/utils/getPageData/getPageData.js
FN:50,get
FNF:1
FNH:1
FNDA:105,get
DA:1,1
DA:2,1
DA:3,1
DA:4,1
DA:5,1
DA:6,1
DA:7,1
DA:8,1
DA:9,1
DA:10,105
DA:11,105
DA:12,105
DA:13,105
DA:14,105
DA:15,105
DA:16,105
DA:17,48
DA:18,48
DA:19,48
DA:20,48
DA:21,105
DA:22,105
DA:23,2
DA:24,2
DA:25,2
DA:26,2
DA:27,105
DA:28,105
DA:29,8
DA:30,8
DA:31,6
DA:32,6
DA:33,105
DA:34,105
DA:35,24
DA:36,24
DA:37,24
DA:38,24
DA:39,105
DA:40,105
DA:41,23
DA:42,105
DA:43,105
DA:44,3
DA:45,3
DA:46,3
DA:47,3
DA:48,1
DA:49,1
DA:50,1
LF:50
LH:50
BRDA:50,0,0,105
BRDA:9,1,0,21
BRDA:9,2,0,105
BRDA:16,3,0,48
BRDA:22,4,0,2
BRDA:28,5,0,8
BRDA:30,6,0,6
BRDA:34,7,0,24
BRDA:40,8,0,23
BRDA:43,9,0,3
BRF:10
BRH:10
end_of_record
TN:
SF:src/store/utils/getPageData/getRecipeData.jsx
FN:12,get
FNF:1
FNH:1
FNDA:4,get
DA:1,1
DA:2,1
DA:3,1
DA:4,1
DA:5,0
DA:6,0
DA:7,0
DA:8,0
DA:9,0
DA:10,1
DA:11,1
DA:12,1
LF:12
LH:7
BRDA:12,0,0,4
BRDA:4,1,0,14
BRF:2
BRH:2
end_of_record
TN:
SF:src/store/utils/getPageData/getSpecificCategoryData.js
FN:11,get
FNF:1
FNH:1
FNDA:2,get
DA:1,1
DA:2,1
DA:3,1
DA:4,1
DA:5,0
DA:6,0
DA:7,0
DA:8,0
DA:9,1
DA:10,1
DA:11,1
LF:11
LH:7
BRDA:11,0,0,2
BRDA:4,1,0,17
BRF:2
BRH:2
end_of_record
TN:
SF:src/styles/@stitches.config.js
FN:4,styled
FN:5,css
FN:6,keyframes
FN:7,createTheme
FN:8,globalCss
FN:9,theme
FN:10,config
FN:160,headline1
FN:168,headline1_i
FN:173,headline2
FN:181,headline2_i
FN:186,headline3
FN:194,headline3_i
FN:199,headline4
FN:207,headline4_i
FN:212,headline5
FN:220,headline5_i
FN:225,headline6
FN:233,headline6_i
FN:238,subhead1
FN:247,subhead2
FN:255,subhead2_i
FN:260,subhead3
FN:269,subhead3_i
FN:274,button
FN:283,flex_r
FN:288,flex_c
FN:293,jc_ac
FN:298,jfs_afs
FN:302,jfs_ac
FN:306,jsb_ac
FN:310,bgCentering
FNF:32
FNH:20
FNDA:66,styled
FNDA:0,css
FNDA:60,keyframes
FNDA:11,createTheme
FNDA:11,globalCss
FNDA:296,theme
FNDA:0,config
FNDA:21,headline1
FNDA:0,headline1_i
FNDA:9,headline2
FNDA:0,headline2_i
FNDA:47,headline3
FNDA:0,headline3_i
FNDA:16,headline4
FNDA:0,headline4_i
FNDA:67,headline5
FNDA:3,headline5_i
FNDA:114,headline6
FNDA:27,headline6_i
FNDA:54,subhead1
FNDA:23,subhead2
FNDA:0,subhead2_i
FNDA:9,subhead3
FNDA:0,subhead3_i
FNDA:12,button
FNDA:0,flex_r
FNDA:0,flex_c
FNDA:4,jc_ac
FNDA:0,jfs_afs
FNDA:12,jfs_ac
FNDA:0,jsb_ac
FNDA:173,bgCentering
DA:1,1
DA:2,1
DA:3,1
DA:4,1
DA:5,1
DA:6,1
DA:7,1
DA:8,1
DA:9,1
DA:10,1
DA:11,1
DA:12,1
DA:13,1
DA:14,1
DA:15,1
DA:16,1
DA:17,1
DA:18,1
DA:19,1
DA:20,1
DA:21,1
DA:22,1
DA:23,1
DA:24,1
DA:25,1
DA:26,1
DA:27,1
DA:28,1
DA:29,1
DA:30,1
DA:31,1
DA:32,1
DA:33,1
DA:34,1
DA:35,1
DA:36,1
DA:37,1
DA:38,1
DA:39,1
DA:40,1
DA:41,1
DA:42,1
DA:43,1
DA:44,1
DA:45,1
DA:46,1
DA:47,1
DA:48,1
DA:49,1
DA:50,1
DA:51,1
DA:52,1
DA:53,1
DA:54,1
DA:55,1
DA:56,1
DA:57,1
DA:58,1
DA:59,1
DA:60,1
DA:61,1
DA:62,1
DA:63,1
DA:64,1
DA:65,1
DA:66,1
DA:67,1
DA:68,1
DA:69,1
DA:70,1
DA:71,1
DA:72,1
DA:73,1
DA:74,1
DA:75,1
DA:76,1
DA:77,1
DA:78,1
DA:79,1
DA:80,1
DA:81,1
DA:82,1
DA:83,1
DA:84,1
DA:85,1
DA:86,1
DA:87,1
DA:88,1
DA:89,1
DA:90,1
DA:91,1
DA:92,1
DA:93,1
DA:94,1
DA:95,1
DA:96,1
DA:97,1
DA:98,1
DA:99,1
DA:100,1
DA:101,1
DA:102,1
DA:103,1
DA:104,1
DA:105,1
DA:106,1
DA:107,1
DA:108,1
DA:109,1
DA:110,1
DA:111,1
DA:112,1
DA:113,1
DA:114,1
DA:115,1
DA:116,1
DA:117,1
DA:118,1
DA:119,1
DA:120,1
DA:121,1
DA:122,1
DA:123,1
DA:124,1
DA:125,1
DA:126,1
DA:127,1
DA:128,1
DA:129,1
DA:130,1
DA:131,1
DA:132,1
DA:133,1
DA:134,1
DA:135,1
DA:136,1
DA:137,1
DA:138,1
DA:139,1
DA:140,1
DA:141,1
DA:142,1
DA:143,1
DA:144,1
DA:145,1
DA:146,1
DA:147,1
DA:148,1
DA:149,1
DA:150,1
DA:151,1
DA:152,1
DA:153,1
DA:154,1
DA:155,1
DA:156,1
DA:157,1
DA:158,1
DA:159,1
DA:160,1
DA:161,21
DA:162,21
DA:163,21
DA:164,21
DA:165,21
DA:166,1
DA:167,1
DA:168,1
DA:169,0
DA:170,0
DA:171,1
DA:172,1
DA:173,1
DA:174,9
DA:175,9
DA:176,9
DA:177,9
DA:178,9
DA:179,1
DA:180,1
DA:181,1
DA:182,0
DA:183,0
DA:184,1
DA:185,1
DA:186,1
DA:187,47
DA:188,47
DA:189,47
DA:190,47
DA:191,47
DA:192,1
DA:193,1
DA:194,1
DA:195,0
DA:196,0
DA:197,1
DA:198,1
DA:199,1
DA:200,16
DA:201,16
DA:202,16
DA:203,16
DA:204,16
DA:205,1
DA:206,1
DA:207,1
DA:208,0
DA:209,0
DA:210,1
DA:211,1
DA:212,1
DA:213,67
DA:214,67
DA:215,67
DA:216,67
DA:217,67
DA:218,1
DA:219,1
DA:220,1
DA:221,3
DA:222,3
DA:223,1
DA:224,1
DA:225,1
DA:226,114
DA:227,114
DA:228,114
DA:229,114
DA:230,114
DA:231,1
DA:232,1
DA:233,1
DA:234,27
DA:235,27
DA:236,1
DA:237,1
DA:238,1
DA:239,54
DA:240,54
DA:241,54
DA:242,54
DA:243,54
DA:244,54
DA:245,1
DA:246,1
DA:247,1
DA:248,23
DA:249,23
DA:250,23
DA:251,23
DA:252,23
DA:253,23
DA:254,1
DA:255,1
DA:256,0
DA:257,0
DA:258,1
DA:259,1
DA:260,1
DA:261,9
DA:262,9
DA:263,9
DA:264,9
DA:265,9
DA:266,9
DA:267,1
DA:268,1
DA:269,1
DA:270,0
DA:271,0
DA:272,1
DA:273,1
DA:274,1
DA:275,12
DA:276,12
DA:277,12
DA:278,12
DA:279,12
DA:280,12
DA:281,1
DA:282,1
DA:283,1
DA:284,0
DA:285,0
DA:286,1
DA:287,1
DA:288,1
DA:289,0
DA:290,0
DA:291,1
DA:292,1
DA:293,1
DA:294,4
DA:295,4
DA:296,1
DA:297,1
DA:298,1
DA:299,0
DA:300,0
DA:301,1
DA:302,1
DA:303,12
DA:304,12
DA:305,1
DA:306,1
DA:307,0
DA:308,0
DA:309,1
DA:310,1
DA:311,173
DA:312,173
DA:313,173
DA:314,1
DA:315,1
DA:316,1
DA:317,1
LF:317
LH:297
BRDA:4,0,0,66
BRDA:6,1,0,60
BRDA:7,2,0,11
BRDA:8,3,0,11
BRDA:9,4,0,296
BRDA:160,5,0,21
BRDA:173,6,0,9
BRDA:186,7,0,47
BRDA:199,8,0,16
BRDA:212,9,0,67
BRDA:220,10,0,3
BRDA:225,11,0,114
BRDA:233,12,0,27
BRDA:238,13,0,54
BRDA:247,14,0,23
BRDA:260,15,0,9
BRDA:274,16,0,12
BRDA:293,17,0,4
BRDA:302,18,0,12
BRDA:310,19,0,173
BRF:20
BRH:20
end_of_record
TN:
SF:src/styles/darkTheme.js
FN:3,get
FNF:1
FNH:1
FNDA:2,get
DA:1,1
DA:2,1
DA:3,1
DA:4,1
DA:5,1
DA:6,1
DA:7,1
DA:8,1
DA:9,1
DA:10,1
DA:11,1
DA:12,1
DA:13,1
DA:14,1
DA:15,1
DA:16,1
DA:17,1
DA:18,1
DA:19,1
DA:20,1
DA:21,1
DA:22,1
DA:23,1
DA:24,1
DA:25,1
DA:26,1
DA:27,1
DA:28,1
DA:29,1
DA:30,1
DA:31,1
DA:32,1
DA:33,1
DA:34,1
DA:35,1
DA:36,1
DA:37,1
DA:38,1
DA:39,1
DA:40,1
DA:41,1
DA:42,1
DA:43,1
DA:44,1
DA:45,1
DA:46,1
DA:47,1
DA:48,1
DA:49,1
DA:50,1
DA:51,1
DA:52,1
DA:53,1
DA:54,1
DA:55,1
DA:56,1
DA:57,1
DA:58,1
DA:59,1
DA:60,1
DA:61,1
DA:62,1
DA:63,1
DA:64,1
DA:65,1
DA:66,1
DA:67,1
DA:68,1
DA:69,1
DA:70,1
DA:71,1
DA:72,1
DA:73,1
DA:74,1
DA:75,1
DA:76,1
DA:77,1
DA:78,1
LF:78
LH:78
BRDA:3,0,0,2
BRF:1
BRH:1
end_of_record
TN:
SF:src/styles/globalCss.js
FN:29,get
FNF:1
FNH:1
FNDA:298,get
DA:1,1
DA:2,1
DA:3,1
DA:4,1
DA:5,1
DA:6,1
DA:7,1
DA:8,1
DA:9,1
DA:10,1
DA:11,1
DA:12,1
DA:13,1
DA:14,1
DA:15,1
DA:16,1
DA:17,1
DA:18,1
DA:19,1
DA:20,1
DA:21,1
DA:22,1
DA:23,1
DA:24,1
DA:25,1
DA:26,1
DA:27,1
DA:28,1
DA:29,1
LF:29
LH:29
BRDA:29,0,0,298
BRF:1
BRH:1
end_of_record
TN:
SF:src/styles/keyframes.js
FN:55,fadeInToBottom
FN:55,fadeOutToTop
FN:55,loaderAnimation
FN:55,fadeIn
FN:55,fadeOut
FNF:5
FNH:3
FNDA:4,fadeInToBottom
FNDA:2,fadeOutToTop
FNDA:444,loaderAnimation
FNDA:0,fadeIn
FNDA:0,fadeOut
DA:1,1
DA:2,1
DA:3,1
DA:4,1
DA:5,1
DA:6,1
DA:7,1
DA:8,1
DA:9,1
DA:10,1
DA:11,1
DA:12,1
DA:13,1
DA:14,1
DA:15,1
DA:16,1
DA:17,1
DA:18,1
DA:19,1
DA:20,1
DA:21,1
DA:22,1
DA:23,1
DA:24,1
DA:25,1
DA:26,1
DA:27,1
DA:28,1
DA:29,1
DA:30,1
DA:31,1
DA:32,1
DA:33,1
DA:34,1
DA:35,1
DA:36,1
DA:37,1
DA:38,1
DA:39,1
DA:40,1
DA:41,1
DA:42,1
DA:43,1
DA:44,1
DA:45,1
DA:46,1
DA:47,1
DA:48,1
DA:49,1
DA:50,1
DA:51,1
DA:52,1
DA:53,1
DA:54,1
DA:55,1
DA:56,1
LF:56
LH:56
BRDA:55,0,0,4
BRDA:55,1,0,2
BRDA:55,2,0,444
BRF:3
BRH:3
end_of_record
TN:
SF:src/styles/styledComponents/button.js
FN:97,get
FNF:1
FNH:1
FNDA:2059,get
DA:1,1
DA:2,1
DA:3,1
DA:4,1
DA:5,1
DA:6,1
DA:7,1
DA:8,1
DA:9,1
DA:10,1
DA:11,1
DA:12,1
DA:13,1
DA:14,1
DA:15,1
DA:16,1
DA:17,1
DA:18,1
DA:19,1
DA:20,1
DA:21,1
DA:22,1
DA:23,1
DA:24,1
DA:25,1
DA:26,1
DA:27,1
DA:28,1
DA:29,1
DA:30,1
DA:31,1
DA:32,1
DA:33,1
DA:34,1
DA:35,1
DA:36,1
DA:37,1
DA:38,1
DA:39,1
DA:40,1
DA:41,1
DA:42,1
DA:43,1
DA:44,1
DA:45,1
DA:46,1
DA:47,1
DA:48,1
DA:49,1
DA:50,1
DA:51,1
DA:52,1
DA:53,1
DA:54,1
DA:55,1
DA:56,1
DA:57,1
DA:58,1
DA:59,1
DA:60,1
DA:61,1
DA:62,1
DA:63,1
DA:64,1
DA:65,1
DA:66,1
DA:67,1
DA:68,1
DA:69,1
DA:70,1
DA:71,1
DA:72,1
DA:73,1
DA:74,1
DA:75,1
DA:76,1
DA:77,1
DA:78,1
DA:79,1
DA:80,1
DA:81,1
DA:82,1
DA:83,1
DA:84,1
DA:85,1
DA:86,1
DA:87,1
DA:88,1
DA:89,1
DA:90,1
DA:91,1
DA:92,1
DA:93,1
DA:94,1
DA:95,1
DA:96,1
DA:97,1
LF:97
LH:97
BRDA:97,0,0,2059
BRF:1
BRH:1
end_of_record
TN:
SF:src/styles/styledComponents/flex.js
FN:3,get
FNF:1
FNH:1
FNDA:13136,get
DA:1,1
DA:2,1
DA:3,1
DA:4,1
DA:5,1
DA:6,1
DA:7,1
DA:8,1
DA:9,1
DA:10,1
DA:11,1
DA:12,1
DA:13,1
DA:14,1
DA:15,1
DA:16,1
DA:17,1
DA:18,1
DA:19,1
DA:20,1
DA:21,1
DA:22,1
DA:23,1
DA:24,1
DA:25,1
DA:26,1
DA:27,1
DA:28,1
DA:29,1
DA:30,1
DA:31,1
DA:32,1
DA:33,1
DA:34,1
DA:35,1
DA:36,1
DA:37,1
DA:38,1
DA:39,1
DA:40,1
DA:41,1
DA:42,1
DA:43,1
DA:44,1
DA:45,1
DA:46,1
DA:47,1
DA:48,1
DA:49,1
DA:50,1
DA:51,1
DA:52,1
DA:53,1
DA:54,1
DA:55,1
DA:56,1
DA:57,1
DA:58,1
DA:59,1
DA:60,1
DA:61,1
DA:62,1
DA:63,1
DA:64,1
DA:65,1
DA:66,1
DA:67,1
DA:68,1
DA:69,1
DA:70,1
DA:71,1
DA:72,1
DA:73,1
DA:74,1
DA:75,1
DA:76,1
DA:77,1
DA:78,1
DA:79,1
DA:80,1
DA:81,1
DA:82,1
DA:83,1
DA:84,1
DA:85,1
DA:86,1
DA:87,1
DA:88,1
DA:89,1
DA:90,1
DA:91,1
DA:92,1
DA:93,1
DA:94,1
DA:95,1
DA:96,1
DA:97,1
DA:98,1
DA:99,1
DA:100,1
DA:101,1
DA:102,1
DA:103,1
DA:104,1
DA:105,1
DA:106,1
DA:107,1
DA:108,1
DA:109,1
DA:110,1
LF:110
LH:110
BRDA:3,0,0,13136
BRF:1
BRH:1
end_of_record
TN:
SF:src/styles/styledComponents/input.js
FN:3,get
FNF:1
FNH:1
FNDA:3104,get
DA:1,1
DA:2,1
DA:3,1
DA:4,1
DA:5,1
DA:6,1
DA:7,1
DA:8,1
DA:9,1
DA:10,1
DA:11,1
DA:12,1
DA:13,1
DA:14,1
DA:15,1
DA:16,1
DA:17,1
DA:18,1
DA:19,1
DA:20,1
DA:21,1
DA:22,1
DA:23,1
DA:24,1
DA:25,1
DA:26,1
DA:27,1
DA:28,1
DA:29,1
DA:30,1
DA:31,1
DA:32,1
DA:33,1
DA:34,1
DA:35,1
DA:36,1
DA:37,1
DA:38,1
DA:39,1
DA:40,1
DA:41,1
DA:42,1
DA:43,1
DA:44,1
DA:45,1
DA:46,1
DA:47,1
DA:48,1
DA:49,1
DA:50,1
DA:51,1
DA:52,1
DA:53,1
DA:54,1
DA:55,1
DA:56,1
DA:57,1
DA:58,1
DA:59,1
DA:60,1
DA:61,1
DA:62,1
DA:63,1
DA:64,1
DA:65,1
DA:66,1
DA:67,1
DA:68,1
DA:69,1
DA:70,1
DA:71,1
DA:72,1
DA:73,1
DA:74,1
DA:75,1
DA:76,1
DA:77,1
DA:78,1
DA:79,1
DA:80,1
DA:81,1
DA:82,1
DA:83,1
DA:84,1
DA:85,1
DA:86,1
DA:87,1
DA:88,1
LF:88
LH:88
BRDA:3,0,0,3104
BRF:1
BRH:1
end_of_record
TN:
SF:src/styles/styledComponents/text.js
FN:51,get
FNF:1
FNH:1
FNDA:6260,get
DA:1,1
DA:2,1
DA:3,1
DA:4,1
DA:5,1
DA:6,1
DA:7,1
DA:8,1
DA:9,1
DA:10,1
DA:11,1
DA:12,1
DA:13,1
DA:14,1
DA:15,1
DA:16,1
DA:17,1
DA:18,1
DA:19,1
DA:20,1
DA:21,1
DA:22,1
DA:23,1
DA:24,1
DA:25,1
DA:26,1
DA:27,1
DA:28,1
DA:29,1
DA:30,1
DA:31,1
DA:32,1
DA:33,1
DA:34,1
DA:35,1
DA:36,1
DA:37,1
DA:38,1
DA:39,1
DA:40,1
DA:41,1
DA:42,1
DA:43,1
DA:44,1
DA:45,1
DA:46,1
DA:47,1
DA:48,1
DA:49,1
DA:50,1
DA:51,1
LF:51
LH:51
BRDA:51,0,0,6260
BRF:1
BRH:1
end_of_record
TN:
SF:src/utils/deleteReq.js
FN:24,get
FNF:1
FNH:1
FNDA:2,get
DA:1,1
DA:2,0
DA:3,0
DA:4,0
DA:5,0
DA:6,0
DA:7,0
DA:8,0
DA:9,0
DA:10,0
DA:11,0
DA:12,0
DA:13,0
DA:14,0
DA:15,0
DA:16,0
DA:17,0
DA:18,0
DA:19,0
DA:20,0
DA:21,0
DA:22,1
DA:23,1
DA:24,1
LF:24
LH:4
BRDA:24,0,0,2
BRDA:1,1,0,11
BRF:2
BRH:2
end_of_record
TN:
SF:src/utils/editRecipeAndSend.js
FN:46,get
FN:6,setStateToLoader
FN:12,setStateToErrorMsg
FN:18,setStateToSuccessMsg
FNF:4
FNH:4
FNDA:4,get
FNDA:4,setStateToLoader
FNDA:1,setStateToErrorMsg
FNDA:3,setStateToSuccessMsg
DA:1,1
DA:2,1
DA:3,1
DA:4,1
DA:5,1
DA:6,1
DA:7,4
DA:8,4
DA:9,4
DA:10,4
DA:11,1
DA:12,1
DA:13,1
DA:14,1
DA:15,1
DA:16,1
DA:17,1
DA:18,1
DA:19,3
DA:20,3
DA:21,3
DA:22,3
DA:23,3
DA:24,3
DA:25,1
DA:26,1
DA:27,1
DA:28,1
DA:29,1
DA:30,1
DA:31,1
DA:32,1
DA:33,3
DA:34,1
DA:35,1
DA:36,1
DA:37,4
DA:38,4
DA:39,4
DA:40,3
DA:41,4
DA:42,1
DA:43,1
DA:44,1
DA:45,1
DA:46,1
LF:46
LH:46
BRDA:46,0,0,4
BRDA:6,1,0,4
BRDA:7,2,0,4
BRDA:12,3,0,1
BRDA:13,4,0,1
BRDA:18,5,0,3
BRDA:19,6,0,3
BRDA:24,7,0,1
BRDA:25,8,0,1
BRDA:36,9,0,11
BRDA:36,10,0,4
BRDA:39,11,0,3
BRDA:41,12,0,1
BRF:13
BRH:13
end_of_record
TN:
SF:src/utils/insertRecipe.js
FN:46,get
FN:6,setStateToLoader
FN:12,setStateToErrorMsg
FN:18,setStateToSuccessMsg
FNF:4
FNH:4
FNDA:7,get
FNDA:7,setStateToLoader
FNDA:3,setStateToErrorMsg
FNDA:4,setStateToSuccessMsg
DA:1,1
DA:2,1
DA:3,1
DA:4,1
DA:5,1
DA:6,1
DA:7,7
DA:8,7
DA:9,7
DA:10,7
DA:11,1
DA:12,1
DA:13,3
DA:14,3
DA:15,3
DA:16,3
DA:17,1
DA:18,1
DA:19,4
DA:20,4
DA:21,4
DA:22,4
DA:23,4
DA:24,4
DA:25,0
DA:26,0
DA:27,0
DA:28,0
DA:29,0
DA:30,0
DA:31,0
DA:32,4
DA:33,1
DA:34,1
DA:35,1
DA:36,7
DA:37,7
DA:38,7
DA:39,7
DA:40,4
DA:41,7
DA:42,3
DA:43,3
DA:44,1
DA:45,1
DA:46,1
LF:46
LH:39
BRDA:46,0,0,7
BRDA:6,1,0,7
BRDA:7,2,0,7
BRDA:12,3,0,3
BRDA:13,4,0,3
BRDA:18,5,0,4
BRDA:19,6,0,4
BRDA:35,7,0,11
BRDA:35,8,0,7
BRDA:39,9,0,4
BRDA:41,10,0,3
BRF:11
BRH:11
end_of_record
TN:
SF:src/utils/setReq.js
FN:21,get
FNF:1
FNH:1
FNDA:3,get
DA:1,1
DA:2,1
DA:3,1
DA:4,1
DA:5,1
DA:6,0
DA:7,0
DA:8,0
DA:9,0
DA:10,0
DA:11,0
DA:12,0
DA:13,0
DA:14,0
DA:15,0
DA:16,0
DA:17,0
DA:18,0
DA:19,1
DA:20,1
DA:21,1
LF:21
LH:8
BRDA:21,0,0,3
BRDA:5,1,0,11
BRF:2
BRH:2
end_of_record
TN:
SF:src/utils/setReqForEdit.js
FN:64,get
FNF:1
FNH:0
FNDA:0,get
DA:1,1
DA:2,1
DA:3,1
DA:4,1
DA:5,0
DA:6,0
DA:7,0
DA:8,0
DA:9,0
DA:10,0
DA:11,0
DA:12,0
DA:13,0
DA:14,0
DA:15,0
DA:16,0
DA:17,0
DA:18,0
DA:19,0
DA:20,0
DA:21,0
DA:22,0
DA:23,0
DA:24,1
DA:25,1
DA:26,1
DA:27,0
DA:28,0
DA:29,0
DA:30,0
DA:31,0
DA:32,0
DA:33,0
DA:34,0
DA:35,0
DA:36,0
DA:37,0
DA:38,0
DA:39,0
DA:40,0
DA:41,0
DA:42,0
DA:43,0
DA:44,0
DA:45,0
DA:46,0
DA:47,0
DA:48,0
DA:49,1
DA:50,1
DA:51,1
DA:52,0
DA:53,0
DA:54,0
DA:55,0
DA:56,0
DA:57,0
DA:58,0
DA:59,0
DA:60,0
DA:61,0
DA:62,1
DA:63,1
DA:64,1
LF:64
LH:13
BRDA:4,0,0,11
BRDA:26,1,0,11
BRDA:51,2,0,11
BRF:3
BRH:3
end_of_record
TN:
SF:src/utils/setReqForInsert.js
FN:57,get
FNF:1
FNH:0
FNDA:0,get
DA:1,1
DA:2,1
DA:3,1
DA:4,1
DA:5,1
DA:6,0
DA:7,0
DA:8,0
DA:9,0
DA:10,0
DA:11,0
DA:12,0
DA:13,0
DA:14,0
DA:15,0
DA:16,0
DA:17,0
DA:18,0
DA:19,0
DA:20,0
DA:21,0
DA:22,0
DA:23,1
DA:24,1
DA:25,1
DA:26,0
DA:27,0
DA:28,0
DA:29,0
DA:30,0
DA:31,0
DA:32,0
DA:33,0
DA:34,0
DA:35,0
DA:36,0
DA:37,0
DA:38,0
DA:39,0
DA:40,0
DA:41,0
DA:42,0
DA:43,1
DA:44,1
DA:45,0
DA:46,0
DA:47,0
DA:48,0
DA:49,0
DA:50,0
DA:51,0
DA:52,0
DA:53,0
DA:54,0
DA:55,1
DA:56,1
DA:57,1
LF:57
LH:13
BRDA:5,0,0,11
BRDA:25,1,0,11
BRDA:44,2,0,11
BRF:3
BRH:3
end_of_record
TN:
SF:src/utils/transformAddCacheToNorm.js
FN:24,get
FN:1,transformAddCacheToNorm
FNF:2
FNH:0
FNDA:0,get
FNDA:0,transformAddCacheToNorm
DA:1,1
DA:2,0
DA:3,0
DA:4,0
DA:5,0
DA:6,0
DA:7,0
DA:8,0
DA:9,0
DA:10,0
DA:11,0
DA:12,0
DA:13,0
DA:14,0
DA:15,0
DA:16,0
DA:17,0
DA:18,0
DA:19,0
DA:20,0
DA:21,0
DA:22,1
DA:23,1
DA:24,1
LF:24
LH:4
BRF:0
BRH:0
end_of_record
TN:
SF:src/utils/transformEditCacheToNorm.js
FN:29,get
FN:1,transformEditCacheToNorm
FNF:2
FNH:0
FNDA:0,get
FNDA:0,transformEditCacheToNorm
DA:1,1
DA:2,0
DA:3,0
DA:4,0
DA:5,0
DA:6,0
DA:7,0
DA:8,0
DA:9,0
DA:10,0
DA:11,0
DA:12,0
DA:13,0
DA:14,0
DA:15,0
DA:16,0
DA:17,0
DA:18,0
DA:19,0
DA:20,0
DA:21,0
DA:22,0
DA:23,0
DA:24,0
DA:25,0
DA:26,0
DA:27,1
DA:28,1
DA:29,1
LF:29
LH:4
BRF:0
BRH:0
end_of_record
